{"meta": {"format": 3, "version": "7.10.7", "timestamp": "2025-10-10T01:06:34.385456", "branch_coverage": false, "show_contexts": false}, "files": {"src/kira/__init__.py": {"executed_lines": [1, 5, 6], "summary": {"covered_lines": 2, "num_statements": 2, "percent_covered": 100.0, "percent_covered_display": "100", "missing_lines": 0, "excluded_lines": 0}, "missing_lines": [], "excluded_lines": [], "functions": {"": {"executed_lines": [1, 5, 6], "summary": {"covered_lines": 2, "num_statements": 2, "percent_covered": 100.0, "percent_covered_display": "100", "missing_lines": 0, "excluded_lines": 0}, "missing_lines": [], "excluded_lines": []}}, "classes": {"": {"executed_lines": [1, 5, 6], "summary": {"covered_lines": 2, "num_statements": 2, "percent_covered": 100.0, "percent_covered_display": "100", "missing_lines": 0, "excluded_lines": 0}, "missing_lines": [], "excluded_lines": []}}}, "src/kira/adapters/__init__.py": {"executed_lines": [0], "summary": {"covered_lines": 0, "num_statements": 0, "percent_covered": 100.0, "percent_covered_display": "100", "missing_lines": 0, "excluded_lines": 0}, "missing_lines": [], "excluded_lines": [], "functions": {"": {"executed_lines": [], "summary": {"covered_lines": 0, "num_statements": 0, "percent_covered": 100.0, "percent_covered_display": "100", "missing_lines": 0, "excluded_lines": 0}, "missing_lines": [], "excluded_lines": []}}, "classes": {"": {"executed_lines": [], "summary": {"covered_lines": 0, "num_statements": 0, "percent_covered": 100.0, "percent_covered_display": "100", "missing_lines": 0, "excluded_lines": 0}, "missing_lines": [], "excluded_lines": []}}}, "src/kira/adapters/gcal/adapter.py": {"executed_lines": [1, 7, 9, 10, 11, 12, 13, 14, 15, 17, 20, 30, 31, 32, 34, 35, 36, 37, 38, 39, 40, 41, 42, 43, 45, 47, 61, 62, 63, 64, 65, 66, 68, 70, 71, 84, 85, 86, 89, 92, 93, 97, 98, 103, 104, 105, 106, 111, 112, 114, 115, 120, 123, 124, 125, 128, 130, 142, 143, 144, 146, 147, 148, 149, 150, 151, 154, 155, 156, 158, 159, 160, 161, 162, 163, 164, 167, 168, 169, 171, 172, 173, 174, 175, 176, 177, 178, 179, 182, 183, 201, 219, 220, 221, 222, 223, 225, 244, 245, 247, 248, 250, 259, 261, 263, 266, 284, 286, 296, 298, 320, 322, 323, 325, 335, 337, 338, 339, 341, 344, 345, 346, 347, 349, 354, 356, 357, 358, 359, 379, 381, 393, 395, 416, 418, 419, 421, 429, 431, 433, 436, 437, 440, 441, 442, 445, 487, 489, 500, 502, 521, 522, 524, 526, 529, 530, 533, 535, 544, 557, 588, 590, 625, 627, 641, 642, 645, 646, 648, 649, 650, 652, 656, 658, 668, 671, 684, 686, 696, 705, 706, 707, 708, 711, 718, 753, 757, 761, 763], "summary": {"covered_lines": 182, "num_statements": 231, "percent_covered": 78.78787878787878, "percent_covered_display": "79", "missing_lines": 49, "excluded_lines": 2}, "missing_lines": [95, 99, 100, 107, 108, 116, 117, 119, 267, 268, 271, 273, 274, 275, 276, 351, 368, 369, 370, 371, 443, 446, 449, 450, 452, 454, 457, 459, 460, 463, 464, 466, 476, 477, 478, 479, 546, 547, 555, 653, 654, 669, 712, 713, 715, 754, 755, 758, 759], "excluded_lines": [17, 18], "functions": {"GCalEvent.to_dict": {"executed_lines": [47, 61, 62, 63, 64, 65, 66, 68], "summary": {"covered_lines": 8, "num_statements": 8, "percent_covered": 100.0, "percent_covered_display": "100", "missing_lines": 0, "excluded_lines": 0}, "missing_lines": [], "excluded_lines": []}, "GCalEvent.from_vault_entity": {"executed_lines": [84, 85, 86, 89, 92, 93, 97, 98, 103, 104, 105, 106, 111, 112, 114, 115, 120, 123, 124, 125, 128, 130], "summary": {"covered_lines": 22, "num_statements": 30, "percent_covered": 73.33333333333333, "percent_covered_display": "73", "missing_lines": 8, "excluded_lines": 0}, "missing_lines": [95, 99, 100, 107, 108, 116, 117, 119], "excluded_lines": []}, "GCalAdapter.__init__": {"executed_lines": [219, 220, 221, 222, 223], "summary": {"covered_lines": 5, "num_statements": 5, "percent_covered": 100.0, "percent_covered_display": "100", "missing_lines": 0, "excluded_lines": 0}, "missing_lines": [], "excluded_lines": []}, "GCalAdapter.pull": {"executed_lines": [244, 245, 247, 248, 250, 259, 261, 263, 266, 284, 286, 296], "summary": {"covered_lines": 12, "num_statements": 19, "percent_covered": 63.1578947368421, "percent_covered_display": "63", "missing_lines": 7, "excluded_lines": 0}, "missing_lines": [267, 268, 271, 273, 274, 275, 276], "excluded_lines": []}, "GCalAdapter.push": {"executed_lines": [320, 322, 323, 325, 335, 337, 338, 339, 341, 344, 345, 346, 347, 349, 354, 356, 357, 358, 359, 379, 381, 393], "summary": {"covered_lines": 22, "num_statements": 27, "percent_covered": 81.48148148148148, "percent_covered_display": "81", "missing_lines": 5, "excluded_lines": 0}, "missing_lines": [351, 368, 369, 370, 371], "excluded_lines": []}, "GCalAdapter.reconcile": {"executed_lines": [416, 418, 419, 421, 429, 431, 433, 436, 437, 440, 441, 442, 445, 487, 489, 500], "summary": {"covered_lines": 16, "num_statements": 32, "percent_covered": 50.0, "percent_covered_display": "50", "missing_lines": 16, "excluded_lines": 0}, "missing_lines": [443, 446, 449, 450, 452, 454, 457, 459, 460, 463, 464, 466, 476, 477, 478, 479], "excluded_lines": []}, "GCalAdapter.create_timebox": {"executed_lines": [521, 522, 524, 526, 529, 530, 533, 535, 544], "summary": {"covered_lines": 9, "num_statements": 12, "percent_covered": 75.0, "percent_covered_display": "75", "missing_lines": 3, "excluded_lines": 0}, "missing_lines": [546, 547, 555], "excluded_lines": []}, "GCalAdapter._fetch_events": {"executed_lines": [588], "summary": {"covered_lines": 1, "num_statements": 1, "percent_covered": 100.0, "percent_covered_display": "100", "missing_lines": 0, "excluded_lines": 0}, "missing_lines": [], "excluded_lines": []}, "GCalAdapter._push_event": {"executed_lines": [625], "summary": {"covered_lines": 1, "num_statements": 1, "percent_covered": 100.0, "percent_covered_display": "100", "missing_lines": 0, "excluded_lines": 0}, "missing_lines": [], "excluded_lines": []}, "GCalAdapter._should_push_entity": {"executed_lines": [641, 642, 645, 646, 648, 649, 650, 652, 656], "summary": {"covered_lines": 9, "num_statements": 11, "percent_covered": 81.81818181818181, "percent_covered_display": "82", "missing_lines": 2, "excluded_lines": 0}, "missing_lines": [653, 654], "excluded_lines": []}, "GCalAdapter._publish_event_received": {"executed_lines": [668, 671, 684], "summary": {"covered_lines": 3, "num_statements": 4, "percent_covered": 75.0, "percent_covered_display": "75", "missing_lines": 1, "excluded_lines": 0}, "missing_lines": [669], "excluded_lines": []}, "GCalAdapter._log_event": {"executed_lines": [696, 705, 706, 707, 708, 711], "summary": {"covered_lines": 6, "num_statements": 9, "percent_covered": 66.66666666666667, "percent_covered_display": "67", "missing_lines": 3, "excluded_lines": 0}, "missing_lines": [712, 713, 715], "excluded_lines": []}, "create_gcal_adapter": {"executed_lines": [753, 757, 761, 763], "summary": {"covered_lines": 4, "num_statements": 8, "percent_covered": 50.0, "percent_covered_display": "50", "missing_lines": 4, "excluded_lines": 0}, "missing_lines": [754, 755, 758, 759], "excluded_lines": []}, "": {"executed_lines": [1, 7, 9, 10, 11, 12, 13, 14, 15, 17, 20, 30, 31, 32, 34, 35, 36, 37, 38, 39, 40, 41, 42, 43, 45, 70, 71, 142, 143, 144, 146, 147, 148, 149, 150, 151, 154, 155, 156, 158, 159, 160, 161, 162, 163, 164, 167, 168, 169, 171, 172, 173, 174, 175, 176, 177, 178, 179, 182, 183, 201, 225, 298, 395, 502, 557, 590, 627, 658, 686, 718], "summary": {"covered_lines": 64, "num_statements": 64, "percent_covered": 100.0, "percent_covered_display": "100", "missing_lines": 0, "excluded_lines": 2}, "missing_lines": [], "excluded_lines": [17, 18]}}, "classes": {"GCalEvent": {"executed_lines": [47, 61, 62, 63, 64, 65, 66, 68, 84, 85, 86, 89, 92, 93, 97, 98, 103, 104, 105, 106, 111, 112, 114, 115, 120, 123, 124, 125, 128, 130], "summary": {"covered_lines": 30, "num_statements": 38, "percent_covered": 78.94736842105263, "percent_covered_display": "79", "missing_lines": 8, "excluded_lines": 0}, "missing_lines": [95, 99, 100, 107, 108, 116, 117, 119], "excluded_lines": []}, "EventMapping": {"executed_lines": [], "summary": {"covered_lines": 0, "num_statements": 0, "percent_covered": 100.0, "percent_covered_display": "100", "missing_lines": 0, "excluded_lines": 0}, "missing_lines": [], "excluded_lines": []}, "SyncResult": {"executed_lines": [], "summary": {"covered_lines": 0, "num_statements": 0, "percent_covered": 100.0, "percent_covered_display": "100", "missing_lines": 0, "excluded_lines": 0}, "missing_lines": [], "excluded_lines": []}, "GCalAdapterConfig": {"executed_lines": [], "summary": {"covered_lines": 0, "num_statements": 0, "percent_covered": 100.0, "percent_covered_display": "100", "missing_lines": 0, "excluded_lines": 0}, "missing_lines": [], "excluded_lines": []}, "GCalAdapter": {"executed_lines": [219, 220, 221, 222, 223, 244, 245, 247, 248, 250, 259, 261, 263, 266, 284, 286, 296, 320, 322, 323, 325, 335, 337, 338, 339, 341, 344, 345, 346, 347, 349, 354, 356, 357, 358, 359, 379, 381, 393, 416, 418, 419, 421, 429, 431, 433, 436, 437, 440, 441, 442, 445, 487, 489, 500, 521, 522, 524, 526, 529, 530, 533, 535, 544, 588, 625, 641, 642, 645, 646, 648, 649, 650, 652, 656, 668, 671, 684, 696, 705, 706, 707, 708, 711], "summary": {"covered_lines": 84, "num_statements": 121, "percent_covered": 69.42148760330579, "percent_covered_display": "69", "missing_lines": 37, "excluded_lines": 0}, "missing_lines": [267, 268, 271, 273, 274, 275, 276, 351, 368, 369, 370, 371, 443, 446, 449, 450, 452, 454, 457, 459, 460, 463, 464, 466, 476, 477, 478, 479, 546, 547, 555, 653, 654, 669, 712, 713, 715], "excluded_lines": []}, "": {"executed_lines": [1, 7, 9, 10, 11, 12, 13, 14, 15, 17, 20, 30, 31, 32, 34, 35, 36, 37, 38, 39, 40, 41, 42, 43, 45, 70, 71, 142, 143, 144, 146, 147, 148, 149, 150, 151, 154, 155, 156, 158, 159, 160, 161, 162, 163, 164, 167, 168, 169, 171, 172, 173, 174, 175, 176, 177, 178, 179, 182, 183, 201, 225, 298, 395, 502, 557, 590, 627, 658, 686, 718, 753, 757, 761, 763], "summary": {"covered_lines": 68, "num_statements": 72, "percent_covered": 94.44444444444444, "percent_covered_display": "94", "missing_lines": 4, "excluded_lines": 2}, "missing_lines": [754, 755, 758, 759], "excluded_lines": [17, 18]}}}, "src/kira/adapters/llm/__init__.py": {"executed_lines": [1, 11, 12, 13, 14, 15, 16, 18], "summary": {"covered_lines": 7, "num_statements": 7, "percent_covered": 100.0, "percent_covered_display": "100", "missing_lines": 0, "excluded_lines": 0}, "missing_lines": [], "excluded_lines": [], "functions": {"": {"executed_lines": [1, 11, 12, 13, 14, 15, 16, 18], "summary": {"covered_lines": 7, "num_statements": 7, "percent_covered": 100.0, "percent_covered_display": "100", "missing_lines": 0, "excluded_lines": 0}, "missing_lines": [], "excluded_lines": []}}, "classes": {"": {"executed_lines": [1, 11, 12, 13, 14, 15, 16, 18], "summary": {"covered_lines": 7, "num_statements": 7, "percent_covered": 100.0, "percent_covered_display": "100", "missing_lines": 0, "excluded_lines": 0}, "missing_lines": [], "excluded_lines": []}}}, "src/kira/adapters/llm/adapter.py": {"executed_lines": [1, 9, 11, 12, 14, 26, 27, 29, 32, 33, 35, 38, 39, 41, 44, 45, 46, 48, 49, 50, 51, 54, 55, 56, 58, 59, 60, 63, 64, 65, 67, 68, 69, 72, 73, 74, 76, 77, 78, 79, 80, 81, 84, 85, 90, 130, 170], "summary": {"covered_lines": 38, "num_statements": 38, "percent_covered": 100.0, "percent_covered_display": "100", "missing_lines": 0, "excluded_lines": 6}, "missing_lines": [], "excluded_lines": [128, 129, 168, 169, 211, 212], "functions": {"LLMAdapter.generate": {"executed_lines": [], "summary": {"covered_lines": 0, "num_statements": 0, "percent_covered": 100.0, "percent_covered_display": "100", "missing_lines": 0, "excluded_lines": 1}, "missing_lines": [], "excluded_lines": [128]}, "LLMAdapter.chat": {"executed_lines": [], "summary": {"covered_lines": 0, "num_statements": 0, "percent_covered": 100.0, "percent_covered_display": "100", "missing_lines": 0, "excluded_lines": 1}, "missing_lines": [], "excluded_lines": [168]}, "LLMAdapter.tool_call": {"executed_lines": [], "summary": {"covered_lines": 0, "num_statements": 0, "percent_covered": 100.0, "percent_covered_display": "100", "missing_lines": 0, "excluded_lines": 1}, "missing_lines": [], "excluded_lines": [211]}, "": {"executed_lines": [1, 9, 11, 12, 14, 26, 27, 29, 32, 33, 35, 38, 39, 41, 44, 45, 46, 48, 49, 50, 51, 54, 55, 56, 58, 59, 60, 63, 64, 65, 67, 68, 69, 72, 73, 74, 76, 77, 78, 79, 80, 81, 84, 85, 90, 130, 170], "summary": {"covered_lines": 38, "num_statements": 38, "percent_covered": 100.0, "percent_covered_display": "100", "missing_lines": 0, "excluded_lines": 2}, "missing_lines": [], "excluded_lines": [129, 169]}}, "classes": {"LLMError": {"executed_lines": [], "summary": {"covered_lines": 0, "num_statements": 0, "percent_covered": 100.0, "percent_covered_display": "100", "missing_lines": 0, "excluded_lines": 0}, "missing_lines": [], "excluded_lines": []}, "LLMTimeoutError": {"executed_lines": [], "summary": {"covered_lines": 0, "num_statements": 0, "percent_covered": 100.0, "percent_covered_display": "100", "missing_lines": 0, "excluded_lines": 0}, "missing_lines": [], "excluded_lines": []}, "LLMRateLimitError": {"executed_lines": [], "summary": {"covered_lines": 0, "num_statements": 0, "percent_covered": 100.0, "percent_covered_display": "100", "missing_lines": 0, "excluded_lines": 0}, "missing_lines": [], "excluded_lines": []}, "Message": {"executed_lines": [], "summary": {"covered_lines": 0, "num_statements": 0, "percent_covered": 100.0, "percent_covered_display": "100", "missing_lines": 0, "excluded_lines": 0}, "missing_lines": [], "excluded_lines": []}, "Tool": {"executed_lines": [], "summary": {"covered_lines": 0, "num_statements": 0, "percent_covered": 100.0, "percent_covered_display": "100", "missing_lines": 0, "excluded_lines": 0}, "missing_lines": [], "excluded_lines": []}, "ToolCall": {"executed_lines": [], "summary": {"covered_lines": 0, "num_statements": 0, "percent_covered": 100.0, "percent_covered_display": "100", "missing_lines": 0, "excluded_lines": 0}, "missing_lines": [], "excluded_lines": []}, "LLMResponse": {"executed_lines": [], "summary": {"covered_lines": 0, "num_statements": 0, "percent_covered": 100.0, "percent_covered_display": "100", "missing_lines": 0, "excluded_lines": 0}, "missing_lines": [], "excluded_lines": []}, "LLMAdapter": {"executed_lines": [], "summary": {"covered_lines": 0, "num_statements": 0, "percent_covered": 100.0, "percent_covered_display": "100", "missing_lines": 0, "excluded_lines": 3}, "missing_lines": [], "excluded_lines": [128, 168, 211]}, "": {"executed_lines": [1, 9, 11, 12, 14, 26, 27, 29, 32, 33, 35, 38, 39, 41, 44, 45, 46, 48, 49, 50, 51, 54, 55, 56, 58, 59, 60, 63, 64, 65, 67, 68, 69, 72, 73, 74, 76, 77, 78, 79, 80, 81, 84, 85, 90, 130, 170], "summary": {"covered_lines": 38, "num_statements": 38, "percent_covered": 100.0, "percent_covered_display": "100", "missing_lines": 0, "excluded_lines": 2}, "missing_lines": [], "excluded_lines": [129, 169]}}}, "src/kira/adapters/llm/anthropic_adapter.py": {"executed_lines": [1, 6, 8, 9, 11, 13, 15, 18, 19, 24, 45, 46, 47, 48, 50, 52, 58, 66, 67, 69, 70, 73, 75, 77, 88, 90, 93, 94, 96, 97, 98, 108, 109, 112, 114, 127, 137, 138, 140, 150, 152, 154, 161, 164, 165, 166, 172, 175, 184, 185, 192], "summary": {"covered_lines": 49, "num_statements": 91, "percent_covered": 53.84615384615385, "percent_covered_display": "54", "missing_lines": 42, "excluded_lines": 0}, "missing_lines": [71, 79, 99, 100, 110, 162, 173, 176, 177, 178, 179, 180, 181, 182, 187, 188, 189, 190, 203, 205, 207, 215, 216, 218, 219, 220, 226, 227, 229, 230, 231, 232, 233, 234, 235, 236, 238, 239, 241, 242, 243, 244], "excluded_lines": [], "functions": {"AnthropicAdapter.__init__": {"executed_lines": [45, 46, 47, 48], "summary": {"covered_lines": 4, "num_statements": 4, "percent_covered": 100.0, "percent_covered_display": "100", "missing_lines": 0, "excluded_lines": 0}, "missing_lines": [], "excluded_lines": []}, "AnthropicAdapter._make_headers": {"executed_lines": [52], "summary": {"covered_lines": 1, "num_statements": 1, "percent_covered": 100.0, "percent_covered_display": "100", "missing_lines": 0, "excluded_lines": 0}, "missing_lines": [], "excluded_lines": []}, "AnthropicAdapter._messages_to_anthropic": {"executed_lines": [66, 67, 69, 70, 73, 75], "summary": {"covered_lines": 6, "num_statements": 7, "percent_covered": 85.71428571428571, "percent_covered_display": "86", "missing_lines": 1, "excluded_lines": 0}, "missing_lines": [71], "excluded_lines": []}, "AnthropicAdapter._tools_to_anthropic": {"executed_lines": [], "summary": {"covered_lines": 0, "num_statements": 1, "percent_covered": 0.0, "percent_covered_display": "0", "missing_lines": 1, "excluded_lines": 0}, "missing_lines": [79], "excluded_lines": []}, "AnthropicAdapter._parse_response": {"executed_lines": [90, 93, 94, 96, 97, 98, 108, 109, 112, 114], "summary": {"covered_lines": 10, "num_statements": 13, "percent_covered": 76.92307692307692, "percent_covered_display": "77", "missing_lines": 3, "excluded_lines": 0}, "missing_lines": [99, 100, 110], "excluded_lines": []}, "AnthropicAdapter.generate": {"executed_lines": [137, 138], "summary": {"covered_lines": 2, "num_statements": 2, "percent_covered": 100.0, "percent_covered_display": "100", "missing_lines": 0, "excluded_lines": 0}, "missing_lines": [], "excluded_lines": []}, "AnthropicAdapter.chat": {"executed_lines": [150, 152, 154, 161, 164, 165, 166, 172, 175, 184, 185], "summary": {"covered_lines": 11, "num_statements": 24, "percent_covered": 45.833333333333336, "percent_covered_display": "46", "missing_lines": 13, "excluded_lines": 0}, "missing_lines": [162, 173, 176, 177, 178, 179, 180, 181, 182, 187, 188, 189, 190], "excluded_lines": []}, "AnthropicAdapter.tool_call": {"executed_lines": [], "summary": {"covered_lines": 0, "num_statements": 24, "percent_covered": 0.0, "percent_covered_display": "0", "missing_lines": 24, "excluded_lines": 0}, "missing_lines": [203, 205, 207, 215, 216, 218, 219, 220, 226, 227, 229, 230, 231, 232, 233, 234, 235, 236, 238, 239, 241, 242, 243, 244], "excluded_lines": []}, "": {"executed_lines": [1, 6, 8, 9, 11, 13, 15, 18, 19, 24, 50, 58, 77, 88, 127, 140, 192], "summary": {"covered_lines": 15, "num_statements": 15, "percent_covered": 100.0, "percent_covered_display": "100", "missing_lines": 0, "excluded_lines": 0}, "missing_lines": [], "excluded_lines": []}}, "classes": {"AnthropicAdapter": {"executed_lines": [45, 46, 47, 48, 52, 66, 67, 69, 70, 73, 75, 90, 93, 94, 96, 97, 98, 108, 109, 112, 114, 137, 138, 150, 152, 154, 161, 164, 165, 166, 172, 175, 184, 185], "summary": {"covered_lines": 34, "num_statements": 76, "percent_covered": 44.73684210526316, "percent_covered_display": "45", "missing_lines": 42, "excluded_lines": 0}, "missing_lines": [71, 79, 99, 100, 110, 162, 173, 176, 177, 178, 179, 180, 181, 182, 187, 188, 189, 190, 203, 205, 207, 215, 216, 218, 219, 220, 226, 227, 229, 230, 231, 232, 233, 234, 235, 236, 238, 239, 241, 242, 243, 244], "excluded_lines": []}, "": {"executed_lines": [1, 6, 8, 9, 11, 13, 15, 18, 19, 24, 50, 58, 77, 88, 127, 140, 192], "summary": {"covered_lines": 15, "num_statements": 15, "percent_covered": 100.0, "percent_covered_display": "100", "missing_lines": 0, "excluded_lines": 0}, "missing_lines": [], "excluded_lines": []}}}, "src/kira/adapters/llm/ollama_adapter.py": {"executed_lines": [1, 6, 8, 9, 11, 13, 15, 18, 19, 24, 39, 40, 42, 54, 64, 66, 76, 77, 78, 83, 92, 93, 95, 115, 130], "summary": {"covered_lines": 23, "num_statements": 56, "percent_covered": 41.07142857142857, "percent_covered_display": "41", "missing_lines": 33, "excluded_lines": 0}, "missing_lines": [44, 45, 46, 47, 48, 49, 50, 51, 52, 84, 85, 86, 87, 88, 89, 90, 108, 109, 110, 111, 112, 113, 126, 127, 128, 146, 147, 148, 151, 152, 153, 158, 163], "excluded_lines": [], "functions": {"OllamaAdapter.__init__": {"executed_lines": [39, 40], "summary": {"covered_lines": 2, "num_statements": 2, "percent_covered": 100.0, "percent_covered_display": "100", "missing_lines": 0, "excluded_lines": 0}, "missing_lines": [], "excluded_lines": []}, "OllamaAdapter._messages_to_prompt": {"executed_lines": [], "summary": {"covered_lines": 0, "num_statements": 9, "percent_covered": 0.0, "percent_covered_display": "0", "missing_lines": 9, "excluded_lines": 0}, "missing_lines": [44, 45, 46, 47, 48, 49, 50, 51, 52], "excluded_lines": []}, "OllamaAdapter.generate": {"executed_lines": [64, 66, 76, 77, 78, 83, 92, 93, 95], "summary": {"covered_lines": 9, "num_statements": 22, "percent_covered": 40.90909090909091, "percent_covered_display": "41", "missing_lines": 13, "excluded_lines": 0}, "missing_lines": [84, 85, 86, 87, 88, 89, 90, 108, 109, 110, 111, 112, 113], "excluded_lines": []}, "OllamaAdapter.chat": {"executed_lines": [], "summary": {"covered_lines": 0, "num_statements": 3, "percent_covered": 0.0, "percent_covered_display": "0", "missing_lines": 3, "excluded_lines": 0}, "missing_lines": [126, 127, 128], "excluded_lines": []}, "OllamaAdapter.tool_call": {"executed_lines": [], "summary": {"covered_lines": 0, "num_statements": 8, "percent_covered": 0.0, "percent_covered_display": "0", "missing_lines": 8, "excluded_lines": 0}, "missing_lines": [146, 147, 148, 151, 152, 153, 158, 163], "excluded_lines": []}, "": {"executed_lines": [1, 6, 8, 9, 11, 13, 15, 18, 19, 24, 42, 54, 115, 130], "summary": {"covered_lines": 12, "num_statements": 12, "percent_covered": 100.0, "percent_covered_display": "100", "missing_lines": 0, "excluded_lines": 0}, "missing_lines": [], "excluded_lines": []}}, "classes": {"OllamaAdapter": {"executed_lines": [39, 40, 64, 66, 76, 77, 78, 83, 92, 93, 95], "summary": {"covered_lines": 11, "num_statements": 44, "percent_covered": 25.0, "percent_covered_display": "25", "missing_lines": 33, "excluded_lines": 0}, "missing_lines": [44, 45, 46, 47, 48, 49, 50, 51, 52, 84, 85, 86, 87, 88, 89, 90, 108, 109, 110, 111, 112, 113, 126, 127, 128, 146, 147, 148, 151, 152, 153, 158, 163], "excluded_lines": []}, "": {"executed_lines": [1, 6, 8, 9, 11, 13, 15, 18, 19, 24, 42, 54, 115, 130], "summary": {"covered_lines": 12, "num_statements": 12, "percent_covered": 100.0, "percent_covered_display": "100", "missing_lines": 0, "excluded_lines": 0}, "missing_lines": [], "excluded_lines": []}}}, "src/kira/adapters/llm/openai_adapter.py": {"executed_lines": [1, 6, 8, 9, 11, 13, 15, 18, 19, 24, 45, 46, 47, 48, 50, 52, 56, 58, 60, 62, 63, 64, 68, 70, 72, 73, 75, 89, 91, 92, 95, 96, 97, 98, 101, 102, 103, 118, 120, 133, 143, 144, 152, 162, 164, 171, 172, 173, 179, 182, 183, 184, 185, 187, 188, 189, 191, 192, 194, 196, 199], "summary": {"covered_lines": 59, "num_statements": 95, "percent_covered": 62.10526315789474, "percent_covered_display": "62", "missing_lines": 36, "excluded_lines": 0}, "missing_lines": [57, 69, 71, 77, 93, 104, 105, 106, 107, 108, 110, 180, 186, 195, 197, 210, 212, 220, 221, 222, 228, 229, 231, 232, 233, 234, 235, 236, 237, 238, 240, 241, 243, 244, 245, 246], "excluded_lines": [], "functions": {"OpenAIAdapter.__init__": {"executed_lines": [45, 46, 47, 48], "summary": {"covered_lines": 4, "num_statements": 4, "percent_covered": 100.0, "percent_covered_display": "100", "missing_lines": 0, "excluded_lines": 0}, "missing_lines": [], "excluded_lines": []}, "OpenAIAdapter._make_headers": {"executed_lines": [52, 56, 58], "summary": {"covered_lines": 3, "num_statements": 4, "percent_covered": 75.0, "percent_covered_display": "75", "missing_lines": 1, "excluded_lines": 0}, "missing_lines": [57], "excluded_lines": []}, "OpenAIAdapter._messages_to_dict": {"executed_lines": [62, 63, 64, 68, 70, 72, 73], "summary": {"covered_lines": 7, "num_statements": 9, "percent_covered": 77.77777777777777, "percent_covered_display": "78", "missing_lines": 2, "excluded_lines": 0}, "missing_lines": [69, 71], "excluded_lines": []}, "OpenAIAdapter._tools_to_dict": {"executed_lines": [], "summary": {"covered_lines": 0, "num_statements": 1, "percent_covered": 0.0, "percent_covered_display": "0", "missing_lines": 1, "excluded_lines": 0}, "missing_lines": [77], "excluded_lines": []}, "OpenAIAdapter._parse_response": {"executed_lines": [91, 92, 95, 96, 97, 98, 101, 102, 103, 118, 120], "summary": {"covered_lines": 11, "num_statements": 18, "percent_covered": 61.111111111111114, "percent_covered_display": "61", "missing_lines": 7, "excluded_lines": 0}, "missing_lines": [93, 104, 105, 106, 107, 108, 110], "excluded_lines": []}, "OpenAIAdapter.generate": {"executed_lines": [143, 144], "summary": {"covered_lines": 2, "num_statements": 2, "percent_covered": 100.0, "percent_covered_display": "100", "missing_lines": 0, "excluded_lines": 0}, "missing_lines": [], "excluded_lines": []}, "OpenAIAdapter.chat": {"executed_lines": [162, 164, 171, 172, 173, 179, 182, 183, 184, 185, 187, 188, 189, 191, 192, 194, 196], "summary": {"covered_lines": 17, "num_statements": 21, "percent_covered": 80.95238095238095, "percent_covered_display": "81", "missing_lines": 4, "excluded_lines": 0}, "missing_lines": [180, 186, 195, 197], "excluded_lines": []}, "OpenAIAdapter.tool_call": {"executed_lines": [], "summary": {"covered_lines": 0, "num_statements": 21, "percent_covered": 0.0, "percent_covered_display": "0", "missing_lines": 21, "excluded_lines": 0}, "missing_lines": [210, 212, 220, 221, 222, 228, 229, 231, 232, 233, 234, 235, 236, 237, 238, 240, 241, 243, 244, 245, 246], "excluded_lines": []}, "": {"executed_lines": [1, 6, 8, 9, 11, 13, 15, 18, 19, 24, 50, 60, 75, 89, 133, 152, 199], "summary": {"covered_lines": 15, "num_statements": 15, "percent_covered": 100.0, "percent_covered_display": "100", "missing_lines": 0, "excluded_lines": 0}, "missing_lines": [], "excluded_lines": []}}, "classes": {"OpenAIAdapter": {"executed_lines": [45, 46, 47, 48, 52, 56, 58, 62, 63, 64, 68, 70, 72, 73, 91, 92, 95, 96, 97, 98, 101, 102, 103, 118, 120, 143, 144, 162, 164, 171, 172, 173, 179, 182, 183, 184, 185, 187, 188, 189, 191, 192, 194, 196], "summary": {"covered_lines": 44, "num_statements": 80, "percent_covered": 55.0, "percent_covered_display": "55", "missing_lines": 36, "excluded_lines": 0}, "missing_lines": [57, 69, 71, 77, 93, 104, 105, 106, 107, 108, 110, 180, 186, 195, 197, 210, 212, 220, 221, 222, 228, 229, 231, 232, 233, 234, 235, 236, 237, 238, 240, 241, 243, 244, 245, 246], "excluded_lines": []}, "": {"executed_lines": [1, 6, 8, 9, 11, 13, 15, 18, 19, 24, 50, 60, 75, 89, 133, 152, 199], "summary": {"covered_lines": 15, "num_statements": 15, "percent_covered": 100.0, "percent_covered_display": "100", "missing_lines": 0, "excluded_lines": 0}, "missing_lines": [], "excluded_lines": []}}}, "src/kira/adapters/llm/openrouter_adapter.py": {"executed_lines": [1, 6, 8, 9, 11, 13, 15, 18, 19, 24, 48, 49, 50, 51, 52, 54, 56, 60, 62, 64, 66, 68, 69, 70, 74, 76, 78, 79, 81, 83, 95, 97, 98, 101, 102, 103, 104, 107, 108, 109, 110, 111, 112, 116, 124, 126, 139, 149, 150, 158, 168, 170, 177, 178, 179, 185, 186, 188, 197, 198, 200, 201, 202, 205, 216, 218, 226, 227, 228, 234, 237, 246, 247], "summary": {"covered_lines": 71, "num_statements": 98, "percent_covered": 72.44897959183673, "percent_covered_display": "72", "missing_lines": 27, "excluded_lines": 0}, "missing_lines": [61, 63, 75, 77, 99, 113, 114, 189, 190, 191, 192, 193, 194, 195, 203, 235, 238, 239, 240, 241, 242, 243, 244, 249, 250, 251, 252], "excluded_lines": [], "functions": {"OpenRouterAdapter.__init__": {"executed_lines": [48, 49, 50, 51, 52], "summary": {"covered_lines": 5, "num_statements": 5, "percent_covered": 100.0, "percent_covered_display": "100", "missing_lines": 0, "excluded_lines": 0}, "missing_lines": [], "excluded_lines": []}, "OpenRouterAdapter._make_headers": {"executed_lines": [56, 60, 62, 64], "summary": {"covered_lines": 4, "num_statements": 6, "percent_covered": 66.66666666666667, "percent_covered_display": "67", "missing_lines": 2, "excluded_lines": 0}, "missing_lines": [61, 63], "excluded_lines": []}, "OpenRouterAdapter._messages_to_dict": {"executed_lines": [68, 69, 70, 74, 76, 78, 79], "summary": {"covered_lines": 7, "num_statements": 9, "percent_covered": 77.77777777777777, "percent_covered_display": "78", "missing_lines": 2, "excluded_lines": 0}, "missing_lines": [75, 77], "excluded_lines": []}, "OpenRouterAdapter._tools_to_dict": {"executed_lines": [83], "summary": {"covered_lines": 1, "num_statements": 1, "percent_covered": 100.0, "percent_covered_display": "100", "missing_lines": 0, "excluded_lines": 0}, "missing_lines": [], "excluded_lines": []}, "OpenRouterAdapter._parse_response": {"executed_lines": [97, 98, 101, 102, 103, 104, 107, 108, 109, 110, 111, 112, 116, 124, 126], "summary": {"covered_lines": 15, "num_statements": 18, "percent_covered": 83.33333333333333, "percent_covered_display": "83", "missing_lines": 3, "excluded_lines": 0}, "missing_lines": [99, 113, 114], "excluded_lines": []}, "OpenRouterAdapter.generate": {"executed_lines": [149, 150], "summary": {"covered_lines": 2, "num_statements": 2, "percent_covered": 100.0, "percent_covered_display": "100", "missing_lines": 0, "excluded_lines": 0}, "missing_lines": [], "excluded_lines": []}, "OpenRouterAdapter.chat": {"executed_lines": [168, 170, 177, 178, 179, 185, 186, 188, 197, 198, 200, 201, 202], "summary": {"covered_lines": 13, "num_statements": 21, "percent_covered": 61.904761904761905, "percent_covered_display": "62", "missing_lines": 8, "excluded_lines": 0}, "missing_lines": [189, 190, 191, 192, 193, 194, 195, 203], "excluded_lines": []}, "OpenRouterAdapter.tool_call": {"executed_lines": [216, 218, 226, 227, 228, 234, 237, 246, 247], "summary": {"covered_lines": 9, "num_statements": 21, "percent_covered": 42.857142857142854, "percent_covered_display": "43", "missing_lines": 12, "excluded_lines": 0}, "missing_lines": [235, 238, 239, 240, 241, 242, 243, 244, 249, 250, 251, 252], "excluded_lines": []}, "": {"executed_lines": [1, 6, 8, 9, 11, 13, 15, 18, 19, 24, 54, 66, 81, 95, 139, 158, 205], "summary": {"covered_lines": 15, "num_statements": 15, "percent_covered": 100.0, "percent_covered_display": "100", "missing_lines": 0, "excluded_lines": 0}, "missing_lines": [], "excluded_lines": []}}, "classes": {"OpenRouterAdapter": {"executed_lines": [48, 49, 50, 51, 52, 56, 60, 62, 64, 68, 69, 70, 74, 76, 78, 79, 83, 97, 98, 101, 102, 103, 104, 107, 108, 109, 110, 111, 112, 116, 124, 126, 149, 150, 168, 170, 177, 178, 179, 185, 186, 188, 197, 198, 200, 201, 202, 216, 218, 226, 227, 228, 234, 237, 246, 247], "summary": {"covered_lines": 56, "num_statements": 83, "percent_covered": 67.46987951807229, "percent_covered_display": "67", "missing_lines": 27, "excluded_lines": 0}, "missing_lines": [61, 63, 75, 77, 99, 113, 114, 189, 190, 191, 192, 193, 194, 195, 203, 235, 238, 239, 240, 241, 242, 243, 244, 249, 250, 251, 252], "excluded_lines": []}, "": {"executed_lines": [1, 6, 8, 9, 11, 13, 15, 18, 19, 24, 54, 66, 81, 95, 139, 158, 205], "summary": {"covered_lines": 15, "num_statements": 15, "percent_covered": 100.0, "percent_covered_display": "100", "missing_lines": 0, "excluded_lines": 0}, "missing_lines": [], "excluded_lines": []}}}, "src/kira/adapters/llm/router.py": {"executed_lines": [1, 7, 9, 10, 11, 13, 14, 15, 16, 17, 19, 22, 23, 25, 26, 27, 30, 31, 33, 54, 55, 56, 57, 60, 61, 63, 96, 97, 98, 99, 100, 101, 102, 103, 106, 107, 109, 133, 134, 141, 143, 144, 145, 146, 148, 150, 158, 159, 166, 168, 237, 239, 240, 242, 275, 277, 278, 279, 280, 282, 283, 289, 290, 291, 292, 294, 295, 301, 302, 303, 304, 329, 330, 338, 375, 377, 378, 379, 390, 392, 393, 394, 395, 396, 408], "summary": {"covered_lines": 80, "num_statements": 120, "percent_covered": 66.66666666666667, "percent_covered_display": "67", "missing_lines": 40, "excluded_lines": 0}, "missing_lines": [160, 204, 206, 207, 208, 219, 221, 222, 223, 224, 225, 232, 234, 235, 306, 308, 309, 315, 316, 317, 318, 320, 326, 331, 403, 405, 406, 448, 450, 451, 452, 464, 466, 467, 468, 469, 470, 478, 480, 481], "excluded_lines": [], "functions": {"LLMErrorEnhanced.__init__": {"executed_lines": [54, 55, 56, 57], "summary": {"covered_lines": 4, "num_statements": 4, "percent_covered": 100.0, "percent_covered_display": "100", "missing_lines": 0, "excluded_lines": 0}, "missing_lines": [], "excluded_lines": []}, "RouterConfig.__init__": {"executed_lines": [96, 97, 98, 99, 100, 101, 102, 103], "summary": {"covered_lines": 8, "num_statements": 8, "percent_covered": 100.0, "percent_covered_display": "100", "missing_lines": 0, "excluded_lines": 0}, "missing_lines": [], "excluded_lines": []}, "LLMRouter.__init__": {"executed_lines": [133, 134], "summary": {"covered_lines": 2, "num_statements": 2, "percent_covered": 100.0, "percent_covered_display": "100", "missing_lines": 0, "excluded_lines": 0}, "missing_lines": [], "excluded_lines": []}, "LLMRouter._get_provider_for_task": {"executed_lines": [143, 144, 145, 146, 148], "summary": {"covered_lines": 5, "num_statements": 5, "percent_covered": 100.0, "percent_covered_display": "100", "missing_lines": 0, "excluded_lines": 0}, "missing_lines": [], "excluded_lines": []}, "LLMRouter._get_adapter": {"executed_lines": [158, 159, 166], "summary": {"covered_lines": 3, "num_statements": 4, "percent_covered": 75.0, "percent_covered_display": "75", "missing_lines": 1, "excluded_lines": 0}, "missing_lines": [160], "excluded_lines": []}, "LLMRouter.generate": {"executed_lines": [], "summary": {"covered_lines": 0, "num_statements": 13, "percent_covered": 0.0, "percent_covered_display": "0", "missing_lines": 13, "excluded_lines": 0}, "missing_lines": [204, 206, 207, 208, 219, 221, 222, 223, 224, 225, 232, 234, 235], "excluded_lines": []}, "LLMRouter._calculate_backoff": {"executed_lines": [239, 240], "summary": {"covered_lines": 2, "num_statements": 2, "percent_covered": 100.0, "percent_covered_display": "100", "missing_lines": 0, "excluded_lines": 0}, "missing_lines": [], "excluded_lines": []}, "LLMRouter._execute_with_retry": {"executed_lines": [275, 277, 278, 279, 280, 282, 283, 289, 290, 291, 292, 294, 295, 301, 302, 303, 304, 329, 330], "summary": {"covered_lines": 19, "num_statements": 29, "percent_covered": 65.51724137931035, "percent_covered_display": "66", "missing_lines": 10, "excluded_lines": 0}, "missing_lines": [306, 308, 309, 315, 316, 317, 318, 320, 326, 331], "excluded_lines": []}, "LLMRouter.chat": {"executed_lines": [375, 377, 378, 379, 390, 392, 393, 394, 395, 396], "summary": {"covered_lines": 10, "num_statements": 13, "percent_covered": 76.92307692307692, "percent_covered_display": "77", "missing_lines": 3, "excluded_lines": 0}, "missing_lines": [403, 405, 406], "excluded_lines": []}, "LLMRouter.tool_call": {"executed_lines": [], "summary": {"covered_lines": 0, "num_statements": 13, "percent_covered": 0.0, "percent_covered_display": "0", "missing_lines": 13, "excluded_lines": 0}, "missing_lines": [448, 450, 451, 452, 464, 466, 467, 468, 469, 470, 478, 480, 481], "excluded_lines": []}, "": {"executed_lines": [1, 7, 9, 10, 11, 13, 14, 15, 16, 17, 19, 22, 23, 25, 26, 27, 30, 31, 33, 60, 61, 63, 106, 107, 109, 141, 150, 168, 237, 242, 338, 408], "summary": {"covered_lines": 27, "num_statements": 27, "percent_covered": 100.0, "percent_covered_display": "100", "missing_lines": 0, "excluded_lines": 0}, "missing_lines": [], "excluded_lines": []}}, "classes": {"TaskType": {"executed_lines": [], "summary": {"covered_lines": 0, "num_statements": 0, "percent_covered": 100.0, "percent_covered_display": "100", "missing_lines": 0, "excluded_lines": 0}, "missing_lines": [], "excluded_lines": []}, "LLMErrorEnhanced": {"executed_lines": [54, 55, 56, 57], "summary": {"covered_lines": 4, "num_statements": 4, "percent_covered": 100.0, "percent_covered_display": "100", "missing_lines": 0, "excluded_lines": 0}, "missing_lines": [], "excluded_lines": []}, "RouterConfig": {"executed_lines": [96, 97, 98, 99, 100, 101, 102, 103], "summary": {"covered_lines": 8, "num_statements": 8, "percent_covered": 100.0, "percent_covered_display": "100", "missing_lines": 0, "excluded_lines": 0}, "missing_lines": [], "excluded_lines": []}, "LLMRouter": {"executed_lines": [133, 134, 143, 144, 145, 146, 148, 158, 159, 166, 239, 240, 275, 277, 278, 279, 280, 282, 283, 289, 290, 291, 292, 294, 295, 301, 302, 303, 304, 329, 330, 375, 377, 378, 379, 390, 392, 393, 394, 395, 396], "summary": {"covered_lines": 41, "num_statements": 81, "percent_covered": 50.617283950617285, "percent_covered_display": "51", "missing_lines": 40, "excluded_lines": 0}, "missing_lines": [160, 204, 206, 207, 208, 219, 221, 222, 223, 224, 225, 232, 234, 235, 306, 308, 309, 315, 316, 317, 318, 320, 326, 331, 403, 405, 406, 448, 450, 451, 452, 464, 466, 467, 468, 469, 470, 478, 480, 481], "excluded_lines": []}, "": {"executed_lines": [1, 7, 9, 10, 11, 13, 14, 15, 16, 17, 19, 22, 23, 25, 26, 27, 30, 31, 33, 60, 61, 63, 106, 107, 109, 141, 150, 168, 237, 242, 338, 408], "summary": {"covered_lines": 27, "num_statements": 27, "percent_covered": 100.0, "percent_covered_display": "100", "missing_lines": 0, "excluded_lines": 0}, "missing_lines": [], "excluded_lines": []}}}, "src/kira/adapters/telegram/adapter.py": {"executed_lines": [1, 7, 9, 10, 11, 12, 13, 14, 15, 16, 17, 18, 20, 21, 25, 31, 42, 43, 44, 46, 47, 48, 51, 52, 53, 55, 56, 57, 58, 59, 60, 61, 63, 71, 74, 75, 76, 78, 79, 80, 81, 82, 83, 84, 86, 88, 90, 98, 103, 104, 105, 107, 108, 109, 110, 111, 112, 113, 114, 115, 116, 117, 118, 119, 122, 123, 147, 168, 169, 170, 171, 172, 173, 174, 175, 176, 177, 178, 181, 185, 186, 188, 222, 226, 252, 257, 258, 260, 261, 263, 264, 272, 273, 274, 282, 288, 300, 310, 311, 313, 321, 323, 365, 366, 369, 379, 380, 381, 383, 384, 385, 387, 388, 391, 392, 394, 396, 407, 409, 425, 428, 429, 430, 431, 445, 454, 456, 458, 468, 470, 486, 489, 506, 515, 517, 519, 529, 531, 570, 609, 628, 639, 640, 641, 649, 652, 665, 668, 675, 677, 682, 685, 686, 688, 731, 764, 811, 827, 831, 832, 834, 836, 846, 849, 859, 861, 871, 881, 885, 886, 887, 889, 890, 891, 892, 900, 903, 915, 917, 928, 938, 939, 940, 941, 943, 954, 955, 958, 959, 960, 963, 976, 977, 989, 1002, 1003, 1004, 1006, 1007, 1008, 1009, 1010, 1013, 1015, 1026, 1050, 1064, 1079, 1090, 1091, 1092, 1095, 1105, 1106, 1114, 1116, 1131, 1132, 1140, 1157, 1158, 1160, 1162, 1166, 1167, 1170, 1171, 1179, 1193, 1194, 1195, 1198, 1199, 1207, 1221, 1231, 1240, 1241, 1242, 1243, 1246, 1253, 1254, 1259, 1267, 1269, 1277, 1280, 1281, 1284, 1285, 1286, 1287, 1289, 1290, 1291, 1292, 1293, 1294, 1297, 1302, 1303, 1304, 1306, 1316, 1318, 1320, 1322, 1330, 1333, 1334, 1336, 1337, 1338, 1341, 1342, 1345, 1346, 1349, 1350, 1362, 1364, 1366, 1368, 1370, 1371, 1373, 1374, 1375, 1376, 1380, 1392, 1394, 1395, 1397, 1398, 1400, 1401, 1402, 1403, 1407, 1409, 1410, 1411, 1432, 1472, 1473, 1474, 1476, 1478], "summary": {"covered_lines": 302, "num_statements": 476, "percent_covered": 63.445378151260506, "percent_covered_display": "63", "missing_lines": 174, "excluded_lines": 4}, "missing_lines": [22, 23, 182, 193, 194, 196, 197, 198, 200, 201, 204, 205, 207, 208, 209, 210, 211, 218, 220, 224, 289, 290, 298, 432, 433, 441, 443, 490, 491, 492, 493, 494, 502, 504, 539, 545, 546, 548, 549, 551, 552, 553, 554, 555, 556, 558, 560, 561, 568, 583, 584, 585, 587, 588, 590, 591, 601, 603, 617, 620, 621, 622, 625, 626, 653, 662, 670, 671, 672, 678, 679, 680, 703, 705, 706, 707, 715, 717, 718, 719, 727, 729, 739, 762, 772, 809, 828, 847, 882, 893, 895, 896, 897, 898, 901, 964, 972, 973, 978, 985, 986, 990, 997, 998, 999, 1028, 1029, 1038, 1040, 1054, 1055, 1062, 1081, 1088, 1093, 1094, 1096, 1104, 1163, 1186, 1187, 1215, 1216, 1247, 1248, 1250, 1295, 1298, 1299, 1307, 1308, 1309, 1310, 1311, 1312, 1313, 1314, 1351, 1352, 1353, 1354, 1355, 1356, 1357, 1359, 1360, 1372, 1377, 1378, 1382, 1383, 1384, 1385, 1386, 1387, 1388, 1389, 1390, 1396, 1404, 1405, 1413, 1414, 1415, 1417, 1418, 1420, 1421, 1423, 1425, 1426, 1427, 1428, 1429], "excluded_lines": [25, 26, 28, 29], "functions": {"TelegramMessage.get_idempotency_key": {"executed_lines": [71], "summary": {"covered_lines": 1, "num_statements": 1, "percent_covered": 100.0, "percent_covered_display": "100", "missing_lines": 0, "excluded_lines": 0}, "missing_lines": [], "excluded_lines": []}, "ConfirmationRequest.is_expired": {"executed_lines": [88], "summary": {"covered_lines": 1, "num_statements": 1, "percent_covered": 100.0, "percent_covered_display": "100", "missing_lines": 0, "excluded_lines": 0}, "missing_lines": [], "excluded_lines": []}, "ConfirmationRequest.get_inline_keyboard": {"executed_lines": [98], "summary": {"covered_lines": 1, "num_statements": 1, "percent_covered": 100.0, "percent_covered_display": "100", "missing_lines": 0, "excluded_lines": 0}, "missing_lines": [], "excluded_lines": []}, "TelegramAdapter.__init__": {"executed_lines": [168, 169, 170, 171, 172, 173, 174, 175, 176, 177, 178, 181, 185, 186], "summary": {"covered_lines": 14, "num_statements": 15, "percent_covered": 93.33333333333333, "percent_covered_display": "93", "missing_lines": 1, "excluded_lines": 0}, "missing_lines": [182], "excluded_lines": []}, "TelegramAdapter.start_polling": {"executed_lines": [], "summary": {"covered_lines": 0, "num_statements": 16, "percent_covered": 0.0, "percent_covered_display": "0", "missing_lines": 16, "excluded_lines": 0}, "missing_lines": [193, 194, 196, 197, 198, 200, 201, 204, 205, 207, 208, 209, 210, 211, 218, 220], "excluded_lines": []}, "TelegramAdapter.stop_polling": {"executed_lines": [], "summary": {"covered_lines": 0, "num_statements": 1, "percent_covered": 0.0, "percent_covered_display": "0", "missing_lines": 1, "excluded_lines": 0}, "missing_lines": [224], "excluded_lines": []}, "TelegramAdapter.send_message": {"executed_lines": [252, 257, 258, 260, 261, 263, 264, 272, 273, 274, 282, 288], "summary": {"covered_lines": 12, "num_statements": 15, "percent_covered": 80.0, "percent_covered_display": "80", "missing_lines": 3, "excluded_lines": 0}, "missing_lines": [289, 290, 298], "excluded_lines": []}, "TelegramAdapter.register_command_handler": {"executed_lines": [310, 311], "summary": {"covered_lines": 2, "num_statements": 2, "percent_covered": 100.0, "percent_covered_display": "100", "missing_lines": 0, "excluded_lines": 0}, "missing_lines": [], "excluded_lines": []}, "TelegramAdapter.set_briefing_generator": {"executed_lines": [321], "summary": {"covered_lines": 1, "num_statements": 1, "percent_covered": 100.0, "percent_covered_display": "100", "missing_lines": 0, "excluded_lines": 0}, "missing_lines": [], "excluded_lines": []}, "TelegramAdapter.request_confirmation": {"executed_lines": [365, 366, 369, 379, 380, 381, 383, 384, 385, 387, 388, 391, 392, 394, 396, 407], "summary": {"covered_lines": 16, "num_statements": 16, "percent_covered": 100.0, "percent_covered_display": "100", "missing_lines": 0, "excluded_lines": 0}, "missing_lines": [], "excluded_lines": []}, "TelegramAdapter.send_daily_briefing": {"executed_lines": [425, 428, 429, 430, 431, 445, 454, 456, 458, 468], "summary": {"covered_lines": 10, "num_statements": 14, "percent_covered": 71.42857142857143, "percent_covered_display": "71", "missing_lines": 4, "excluded_lines": 0}, "missing_lines": [432, 433, 441, 443], "excluded_lines": []}, "TelegramAdapter.send_weekly_briefing": {"executed_lines": [486, 489, 506, 515, 517, 519, 529], "summary": {"covered_lines": 7, "num_statements": 14, "percent_covered": 50.0, "percent_covered_display": "50", "missing_lines": 7, "excluded_lines": 0}, "missing_lines": [490, 491, 492, 493, 494, 502, 504], "excluded_lines": []}, "TelegramAdapter._get_updates": {"executed_lines": [], "summary": {"covered_lines": 0, "num_statements": 15, "percent_covered": 0.0, "percent_covered_display": "0", "missing_lines": 15, "excluded_lines": 0}, "missing_lines": [539, 545, 546, 548, 549, 551, 552, 553, 554, 555, 556, 558, 560, 561, 568], "excluded_lines": []}, "TelegramAdapter._parse_update": {"executed_lines": [], "summary": {"covered_lines": 0, "num_statements": 9, "percent_covered": 0.0, "percent_covered_display": "0", "missing_lines": 9, "excluded_lines": 0}, "missing_lines": [583, 584, 585, 587, 588, 590, 591, 601, 603], "excluded_lines": []}, "TelegramAdapter._process_update": {"executed_lines": [], "summary": {"covered_lines": 0, "num_statements": 6, "percent_covered": 0.0, "percent_covered_display": "0", "missing_lines": 6, "excluded_lines": 0}, "missing_lines": [617, 620, 621, 622, 625, 626], "excluded_lines": []}, "TelegramAdapter._handle_message": {"executed_lines": [639, 640, 641, 649, 652, 665, 668, 675, 677, 682, 685, 686], "summary": {"covered_lines": 12, "num_statements": 20, "percent_covered": 60.0, "percent_covered_display": "60", "missing_lines": 8, "excluded_lines": 0}, "missing_lines": [653, 662, 670, 671, 672, 678, 679, 680], "excluded_lines": []}, "TelegramAdapter._handle_bot_command": {"executed_lines": [], "summary": {"covered_lines": 0, "num_statements": 10, "percent_covered": 0.0, "percent_covered_display": "0", "missing_lines": 10, "excluded_lines": 0}, "missing_lines": [703, 705, 706, 707, 715, 717, 718, 719, 727, 729], "excluded_lines": []}, "TelegramAdapter._send_start_message": {"executed_lines": [], "summary": {"covered_lines": 0, "num_statements": 2, "percent_covered": 0.0, "percent_covered_display": "0", "missing_lines": 2, "excluded_lines": 0}, "missing_lines": [739, 762], "excluded_lines": []}, "TelegramAdapter._send_help_message": {"executed_lines": [], "summary": {"covered_lines": 0, "num_statements": 2, "percent_covered": 0.0, "percent_covered_display": "0", "missing_lines": 2, "excluded_lines": 0}, "missing_lines": [772, 809], "excluded_lines": []}, "TelegramAdapter._is_allowed": {"executed_lines": [827, 831, 832, 834], "summary": {"covered_lines": 4, "num_statements": 5, "percent_covered": 80.0, "percent_covered_display": "80", "missing_lines": 1, "excluded_lines": 0}, "missing_lines": [828], "excluded_lines": []}, "TelegramAdapter._publish_message_received": {"executed_lines": [846, 849, 859, 861], "summary": {"covered_lines": 4, "num_statements": 5, "percent_covered": 80.0, "percent_covered_display": "80", "missing_lines": 1, "excluded_lines": 0}, "missing_lines": [847], "excluded_lines": []}, "TelegramAdapter._publish_file_dropped": {"executed_lines": [881, 885, 886, 887, 889, 890, 891, 892, 900, 903, 915, 917], "summary": {"covered_lines": 12, "num_statements": 19, "percent_covered": 63.1578947368421, "percent_covered_display": "63", "missing_lines": 7, "excluded_lines": 0}, "missing_lines": [882, 893, 895, 896, 897, 898, 901], "excluded_lines": []}, "TelegramAdapter._handle_callback_query": {"executed_lines": [938, 939, 940, 941, 943, 954, 955, 958, 959, 960, 963, 976, 977, 989, 1002, 1003, 1004, 1006, 1007, 1008, 1009, 1010, 1013, 1015, 1026, 1050], "summary": {"covered_lines": 26, "num_statements": 43, "percent_covered": 60.46511627906977, "percent_covered_display": "60", "missing_lines": 17, "excluded_lines": 0}, "missing_lines": [964, 972, 973, 978, 985, 986, 990, 997, 998, 999, 1028, 1029, 1038, 1040, 1054, 1055, 1062], "excluded_lines": []}, "TelegramAdapter._api_request": {"executed_lines": [1079, 1090, 1091, 1092, 1095, 1105, 1106, 1114], "summary": {"covered_lines": 8, "num_statements": 14, "percent_covered": 57.142857142857146, "percent_covered_display": "57", "missing_lines": 6, "excluded_lines": 0}, "missing_lines": [1081, 1088, 1093, 1094, 1096, 1104], "excluded_lines": []}, "TelegramAdapter._generate_csrf_token": {"executed_lines": [1131, 1132], "summary": {"covered_lines": 2, "num_statements": 2, "percent_covered": 100.0, "percent_covered_display": "100", "missing_lines": 0, "excluded_lines": 0}, "missing_lines": [], "excluded_lines": []}, "TelegramAdapter._verify_csrf_token": {"executed_lines": [1157, 1158], "summary": {"covered_lines": 2, "num_statements": 2, "percent_covered": 100.0, "percent_covered_display": "100", "missing_lines": 0, "excluded_lines": 0}, "missing_lines": [], "excluded_lines": []}, "TelegramAdapter._setup_briefing_schedules": {"executed_lines": [1162, 1166, 1167, 1170, 1171, 1179, 1193, 1194, 1195, 1198, 1199, 1207], "summary": {"covered_lines": 12, "num_statements": 17, "percent_covered": 70.58823529411765, "percent_covered_display": "71", "missing_lines": 5, "excluded_lines": 0}, "missing_lines": [1163, 1186, 1187, 1215, 1216], "excluded_lines": []}, "TelegramAdapter._log_event": {"executed_lines": [1231, 1240, 1241, 1242, 1243, 1246], "summary": {"covered_lines": 6, "num_statements": 9, "percent_covered": 66.66666666666667, "percent_covered_display": "67", "missing_lines": 3, "excluded_lines": 0}, "missing_lines": [1247, 1248, 1250], "excluded_lines": []}, "BriefingScheduler.__init__": {"executed_lines": [1267], "summary": {"covered_lines": 1, "num_statements": 1, "percent_covered": 100.0, "percent_covered_display": "100", "missing_lines": 0, "excluded_lines": 0}, "missing_lines": [], "excluded_lines": []}, "BriefingScheduler.generate_daily_briefing": {"executed_lines": [1277, 1280, 1281, 1284, 1285, 1286, 1287, 1289, 1290, 1291, 1292, 1293, 1294, 1297, 1302, 1303, 1304, 1306, 1316, 1318, 1320], "summary": {"covered_lines": 21, "num_statements": 32, "percent_covered": 65.625, "percent_covered_display": "66", "missing_lines": 11, "excluded_lines": 0}, "missing_lines": [1295, 1298, 1299, 1307, 1308, 1309, 1310, 1311, 1312, 1313, 1314], "excluded_lines": []}, "BriefingScheduler.generate_weekly_briefing": {"executed_lines": [1330, 1333, 1334, 1336, 1337, 1338, 1341, 1342, 1345, 1346, 1349, 1350, 1362, 1364, 1366], "summary": {"covered_lines": 15, "num_statements": 24, "percent_covered": 62.5, "percent_covered_display": "62", "missing_lines": 9, "excluded_lines": 0}, "missing_lines": [1351, 1352, 1353, 1354, 1355, 1356, 1357, 1359, 1360], "excluded_lines": []}, "BriefingScheduler._is_due_today": {"executed_lines": [1370, 1371, 1373, 1374, 1375, 1376], "summary": {"covered_lines": 6, "num_statements": 9, "percent_covered": 66.66666666666667, "percent_covered_display": "67", "missing_lines": 3, "excluded_lines": 0}, "missing_lines": [1372, 1377, 1378], "excluded_lines": []}, "BriefingScheduler._is_today": {"executed_lines": [], "summary": {"covered_lines": 0, "num_statements": 9, "percent_covered": 0.0, "percent_covered_display": "0", "missing_lines": 9, "excluded_lines": 0}, "missing_lines": [1382, 1383, 1384, 1385, 1386, 1387, 1388, 1389, 1390], "excluded_lines": []}, "BriefingScheduler._is_due_this_week": {"executed_lines": [1394, 1395, 1397, 1398, 1400, 1401, 1402, 1403], "summary": {"covered_lines": 8, "num_statements": 11, "percent_covered": 72.72727272727273, "percent_covered_display": "73", "missing_lines": 3, "excluded_lines": 0}, "missing_lines": [1396, 1404, 1405], "excluded_lines": []}, "BriefingScheduler._completed_this_week": {"executed_lines": [1409, 1410, 1411], "summary": {"covered_lines": 3, "num_statements": 16, "percent_covered": 18.75, "percent_covered_display": "19", "missing_lines": 13, "excluded_lines": 0}, "missing_lines": [1413, 1414, 1415, 1417, 1418, 1420, 1421, 1423, 1425, 1426, 1427, 1428, 1429], "excluded_lines": []}, "create_telegram_adapter": {"executed_lines": [1472, 1473, 1474, 1476, 1478], "summary": {"covered_lines": 5, "num_statements": 5, "percent_covered": 100.0, "percent_covered_display": "100", "missing_lines": 0, "excluded_lines": 0}, "missing_lines": [], "excluded_lines": []}, "": {"executed_lines": [1, 7, 9, 10, 11, 12, 13, 14, 15, 16, 17, 18, 20, 21, 25, 31, 42, 43, 44, 46, 47, 48, 51, 52, 53, 55, 56, 57, 58, 59, 60, 61, 63, 74, 75, 76, 78, 79, 80, 81, 82, 83, 84, 86, 90, 103, 104, 105, 107, 108, 109, 110, 111, 112, 113, 114, 115, 116, 117, 118, 119, 122, 123, 147, 188, 222, 226, 300, 313, 323, 409, 470, 531, 570, 609, 628, 688, 731, 764, 811, 836, 871, 928, 1064, 1116, 1140, 1160, 1221, 1253, 1254, 1259, 1269, 1322, 1368, 1380, 1392, 1407, 1432], "summary": {"covered_lines": 90, "num_statements": 92, "percent_covered": 97.82608695652173, "percent_covered_display": "98", "missing_lines": 2, "excluded_lines": 4}, "missing_lines": [22, 23], "excluded_lines": [25, 26, 28, 29]}}, "classes": {"TelegramUpdate": {"executed_lines": [], "summary": {"covered_lines": 0, "num_statements": 0, "percent_covered": 100.0, "percent_covered_display": "100", "missing_lines": 0, "excluded_lines": 0}, "missing_lines": [], "excluded_lines": []}, "TelegramMessage": {"executed_lines": [71], "summary": {"covered_lines": 1, "num_statements": 1, "percent_covered": 100.0, "percent_covered_display": "100", "missing_lines": 0, "excluded_lines": 0}, "missing_lines": [], "excluded_lines": []}, "ConfirmationRequest": {"executed_lines": [88, 98], "summary": {"covered_lines": 2, "num_statements": 2, "percent_covered": 100.0, "percent_covered_display": "100", "missing_lines": 0, "excluded_lines": 0}, "missing_lines": [], "excluded_lines": []}, "TelegramAdapterConfig": {"executed_lines": [], "summary": {"covered_lines": 0, "num_statements": 0, "percent_covered": 100.0, "percent_covered_display": "100", "missing_lines": 0, "excluded_lines": 0}, "missing_lines": [], "excluded_lines": []}, "TelegramAdapter": {"executed_lines": [168, 169, 170, 171, 172, 173, 174, 175, 176, 177, 178, 181, 185, 186, 252, 257, 258, 260, 261, 263, 264, 272, 273, 274, 282, 288, 310, 311, 321, 365, 366, 369, 379, 380, 381, 383, 384, 385, 387, 388, 391, 392, 394, 396, 407, 425, 428, 429, 430, 431, 445, 454, 456, 458, 468, 486, 489, 506, 515, 517, 519, 529, 639, 640, 641, 649, 652, 665, 668, 675, 677, 682, 685, 686, 827, 831, 832, 834, 846, 849, 859, 861, 881, 885, 886, 887, 889, 890, 891, 892, 900, 903, 915, 917, 938, 939, 940, 941, 943, 954, 955, 958, 959, 960, 963, 976, 977, 989, 1002, 1003, 1004, 1006, 1007, 1008, 1009, 1010, 1013, 1015, 1026, 1050, 1079, 1090, 1091, 1092, 1095, 1105, 1106, 1114, 1131, 1132, 1157, 1158, 1162, 1166, 1167, 1170, 1171, 1179, 1193, 1194, 1195, 1198, 1199, 1207, 1231, 1240, 1241, 1242, 1243, 1246], "summary": {"covered_lines": 150, "num_statements": 274, "percent_covered": 54.74452554744526, "percent_covered_display": "55", "missing_lines": 124, "excluded_lines": 0}, "missing_lines": [182, 193, 194, 196, 197, 198, 200, 201, 204, 205, 207, 208, 209, 210, 211, 218, 220, 224, 289, 290, 298, 432, 433, 441, 443, 490, 491, 492, 493, 494, 502, 504, 539, 545, 546, 548, 549, 551, 552, 553, 554, 555, 556, 558, 560, 561, 568, 583, 584, 585, 587, 588, 590, 591, 601, 603, 617, 620, 621, 622, 625, 626, 653, 662, 670, 671, 672, 678, 679, 680, 703, 705, 706, 707, 715, 717, 718, 719, 727, 729, 739, 762, 772, 809, 828, 847, 882, 893, 895, 896, 897, 898, 901, 964, 972, 973, 978, 985, 986, 990, 997, 998, 999, 1028, 1029, 1038, 1040, 1054, 1055, 1062, 1081, 1088, 1093, 1094, 1096, 1104, 1163, 1186, 1187, 1215, 1216, 1247, 1248, 1250], "excluded_lines": []}, "BriefingScheduler": {"executed_lines": [1267, 1277, 1280, 1281, 1284, 1285, 1286, 1287, 1289, 1290, 1291, 1292, 1293, 1294, 1297, 1302, 1303, 1304, 1306, 1316, 1318, 1320, 1330, 1333, 1334, 1336, 1337, 1338, 1341, 1342, 1345, 1346, 1349, 1350, 1362, 1364, 1366, 1370, 1371, 1373, 1374, 1375, 1376, 1394, 1395, 1397, 1398, 1400, 1401, 1402, 1403, 1409, 1410, 1411], "summary": {"covered_lines": 54, "num_statements": 102, "percent_covered": 52.94117647058823, "percent_covered_display": "53", "missing_lines": 48, "excluded_lines": 0}, "missing_lines": [1295, 1298, 1299, 1307, 1308, 1309, 1310, 1311, 1312, 1313, 1314, 1351, 1352, 1353, 1354, 1355, 1356, 1357, 1359, 1360, 1372, 1377, 1378, 1382, 1383, 1384, 1385, 1386, 1387, 1388, 1389, 1390, 1396, 1404, 1405, 1413, 1414, 1415, 1417, 1418, 1420, 1421, 1423, 1425, 1426, 1427, 1428, 1429], "excluded_lines": []}, "": {"executed_lines": [1, 7, 9, 10, 11, 12, 13, 14, 15, 16, 17, 18, 20, 21, 25, 31, 42, 43, 44, 46, 47, 48, 51, 52, 53, 55, 56, 57, 58, 59, 60, 61, 63, 74, 75, 76, 78, 79, 80, 81, 82, 83, 84, 86, 90, 103, 104, 105, 107, 108, 109, 110, 111, 112, 113, 114, 115, 116, 117, 118, 119, 122, 123, 147, 188, 222, 226, 300, 313, 323, 409, 470, 531, 570, 609, 628, 688, 731, 764, 811, 836, 871, 928, 1064, 1116, 1140, 1160, 1221, 1253, 1254, 1259, 1269, 1322, 1368, 1380, 1392, 1407, 1432, 1472, 1473, 1474, 1476, 1478], "summary": {"covered_lines": 95, "num_statements": 97, "percent_covered": 97.9381443298969, "percent_covered_display": "98", "missing_lines": 2, "excluded_lines": 4}, "missing_lines": [22, 23], "excluded_lines": [25, 26, 28, 29]}}}, "src/kira/agent/__init__.py": {"executed_lines": [1, 10, 11, 12, 13, 14, 17, 18, 19, 20, 22, 33, 36, 37, 38, 39, 40, 41, 42, 43, 44, 46], "summary": {"covered_lines": 21, "num_statements": 29, "percent_covered": 72.41379310344827, "percent_covered_display": "72", "missing_lines": 8, "excluded_lines": 0}, "missing_lines": [23, 24, 25, 26, 27, 28, 29, 30], "excluded_lines": [], "functions": {"": {"executed_lines": [1, 10, 11, 12, 13, 14, 17, 18, 19, 20, 22, 33, 36, 37, 38, 39, 40, 41, 42, 43, 44, 46], "summary": {"covered_lines": 21, "num_statements": 29, "percent_covered": 72.41379310344827, "percent_covered_display": "72", "missing_lines": 8, "excluded_lines": 0}, "missing_lines": [23, 24, 25, 26, 27, 28, 29, 30], "excluded_lines": []}}, "classes": {"": {"executed_lines": [1, 10, 11, 12, 13, 14, 17, 18, 19, 20, 22, 33, 36, 37, 38, 39, 40, 41, 42, 43, 44, 46], "summary": {"covered_lines": 21, "num_statements": 29, "percent_covered": 72.41379310344827, "percent_covered_display": "72", "missing_lines": 8, "excluded_lines": 0}, "missing_lines": [23, 24, 25, 26, 27, 28, 29, 30], "excluded_lines": []}}}, "src/kira/agent/audit.py": {"executed_lines": [1, 7, 9, 10, 11, 12, 13, 14, 16, 18, 21, 22, 23, 45, 46, 47, 48, 49, 50, 51, 52, 54, 62, 68, 69, 71, 72, 74, 75, 77, 80, 83, 85, 93, 96, 97, 103, 113, 114, 116, 117, 119, 127, 128, 130, 138, 141, 142, 143, 145, 146, 148, 153, 182, 193, 195, 210, 213, 215, 217, 218, 219, 220, 223, 224, 227, 230, 233, 242, 244, 257, 260, 262, 264, 314, 332, 335, 336], "summary": {"covered_lines": 75, "num_statements": 107, "percent_covered": 70.09345794392523, "percent_covered_display": "70", "missing_lines": 32, "excluded_lines": 0}, "missing_lines": [78, 81, 139, 150, 151, 211, 221, 228, 234, 236, 237, 239, 240, 277, 279, 287, 289, 290, 293, 294, 295, 297, 300, 301, 302, 305, 306, 307, 308, 310, 311, 333], "excluded_lines": [], "functions": {"AuditEvent.to_dict": {"executed_lines": [62, 68, 69, 71, 72, 74, 75, 77, 80, 83], "summary": {"covered_lines": 10, "num_statements": 12, "percent_covered": 83.33333333333333, "percent_covered_display": "83", "missing_lines": 2, "excluded_lines": 0}, "missing_lines": [78, 81], "excluded_lines": []}, "AuditEvent.to_jsonl": {"executed_lines": [93], "summary": {"covered_lines": 1, "num_statements": 1, "percent_covered": 100.0, "percent_covered_display": "100", "missing_lines": 0, "excluded_lines": 0}, "missing_lines": [], "excluded_lines": []}, "AuditLogger.__init__": {"executed_lines": [113, 114, 116, 117], "summary": {"covered_lines": 4, "num_statements": 4, "percent_covered": 100.0, "percent_covered_display": "100", "missing_lines": 0, "excluded_lines": 0}, "missing_lines": [], "excluded_lines": []}, "AuditLogger._get_log_file": {"executed_lines": [127, 128], "summary": {"covered_lines": 2, "num_statements": 2, "percent_covered": 100.0, "percent_covered_display": "100", "missing_lines": 0, "excluded_lines": 0}, "missing_lines": [], "excluded_lines": []}, "AuditLogger.log_event": {"executed_lines": [138, 141, 142, 143, 145, 146, 148], "summary": {"covered_lines": 7, "num_statements": 10, "percent_covered": 70.0, "percent_covered_display": "70", "missing_lines": 3, "excluded_lines": 0}, "missing_lines": [139, 150, 151], "excluded_lines": []}, "AuditLogger.log_node_execution": {"executed_lines": [182, 193], "summary": {"covered_lines": 2, "num_statements": 2, "percent_covered": 100.0, "percent_covered_display": "100", "missing_lines": 0, "excluded_lines": 0}, "missing_lines": [], "excluded_lines": []}, "AuditLogger.read_events": {"executed_lines": [210, 213, 215, 217, 218, 219, 220, 223, 224, 227, 230, 233, 242], "summary": {"covered_lines": 13, "num_statements": 21, "percent_covered": 61.904761904761905, "percent_covered_display": "62", "missing_lines": 8, "excluded_lines": 0}, "missing_lines": [211, 221, 228, 234, 236, 237, 239, 240], "excluded_lines": []}, "AuditLogger.reconstruct_path": {"executed_lines": [257, 260, 262], "summary": {"covered_lines": 3, "num_statements": 3, "percent_covered": 100.0, "percent_covered_display": "100", "missing_lines": 0, "excluded_lines": 0}, "missing_lines": [], "excluded_lines": []}, "AuditLogger.get_statistics": {"executed_lines": [], "summary": {"covered_lines": 0, "num_statements": 18, "percent_covered": 0.0, "percent_covered_display": "0", "missing_lines": 18, "excluded_lines": 0}, "missing_lines": [277, 279, 287, 289, 290, 293, 294, 295, 297, 300, 301, 302, 305, 306, 307, 308, 310, 311], "excluded_lines": []}, "create_audit_logger": {"executed_lines": [332, 335, 336], "summary": {"covered_lines": 3, "num_statements": 4, "percent_covered": 75.0, "percent_covered_display": "75", "missing_lines": 1, "excluded_lines": 0}, "missing_lines": [333], "excluded_lines": []}, "": {"executed_lines": [1, 7, 9, 10, 11, 12, 13, 14, 16, 18, 21, 22, 23, 45, 46, 47, 48, 49, 50, 51, 52, 54, 85, 96, 97, 103, 119, 130, 153, 195, 244, 264, 314], "summary": {"covered_lines": 30, "num_statements": 30, "percent_covered": 100.0, "percent_covered_display": "100", "missing_lines": 0, "excluded_lines": 0}, "missing_lines": [], "excluded_lines": []}}, "classes": {"AuditEvent": {"executed_lines": [62, 68, 69, 71, 72, 74, 75, 77, 80, 83, 93], "summary": {"covered_lines": 11, "num_statements": 13, "percent_covered": 84.61538461538461, "percent_covered_display": "85", "missing_lines": 2, "excluded_lines": 0}, "missing_lines": [78, 81], "excluded_lines": []}, "AuditLogger": {"executed_lines": [113, 114, 116, 117, 127, 128, 138, 141, 142, 143, 145, 146, 148, 182, 193, 210, 213, 215, 217, 218, 219, 220, 223, 224, 227, 230, 233, 242, 257, 260, 262], "summary": {"covered_lines": 31, "num_statements": 60, "percent_covered": 51.666666666666664, "percent_covered_display": "52", "missing_lines": 29, "excluded_lines": 0}, "missing_lines": [139, 150, 151, 211, 221, 228, 234, 236, 237, 239, 240, 277, 279, 287, 289, 290, 293, 294, 295, 297, 300, 301, 302, 305, 306, 307, 308, 310, 311], "excluded_lines": []}, "": {"executed_lines": [1, 7, 9, 10, 11, 12, 13, 14, 16, 18, 21, 22, 23, 45, 46, 47, 48, 49, 50, 51, 52, 54, 85, 96, 97, 103, 119, 130, 153, 195, 244, 264, 314, 332, 335, 336], "summary": {"covered_lines": 33, "num_statements": 34, "percent_covered": 97.05882352941177, "percent_covered_display": "97", "missing_lines": 1, "excluded_lines": 0}, "missing_lines": [333], "excluded_lines": []}}}, "src/kira/agent/config.py": {"executed_lines": [1, 3, 5, 6, 7, 10, 11, 12, 15, 16, 17, 18, 19, 20, 21, 22, 25, 26, 27, 28, 31, 34, 35, 36, 39, 40, 41, 42, 45, 46, 47, 48, 51, 52, 55, 56, 59, 61, 62, 73, 74], "summary": {"covered_lines": 39, "num_statements": 43, "percent_covered": 90.69767441860465, "percent_covered_display": "91", "missing_lines": 4, "excluded_lines": 0}, "missing_lines": [68, 70, 71, 87], "excluded_lines": [], "functions": {"AgentConfig.from_env": {"executed_lines": [], "summary": {"covered_lines": 0, "num_statements": 3, "percent_covered": 0.0, "percent_covered_display": "0", "missing_lines": 3, "excluded_lines": 0}, "missing_lines": [68, 70, 71], "excluded_lines": []}, "AgentConfig.from_settings": {"executed_lines": [], "summary": {"covered_lines": 0, "num_statements": 1, "percent_covered": 0.0, "percent_covered_display": "0", "missing_lines": 1, "excluded_lines": 0}, "missing_lines": [87], "excluded_lines": []}, "": {"executed_lines": [1, 3, 5, 6, 7, 10, 11, 12, 15, 16, 17, 18, 19, 20, 21, 22, 25, 26, 27, 28, 31, 34, 35, 36, 39, 40, 41, 42, 45, 46, 47, 48, 51, 52, 55, 56, 59, 61, 62, 73, 74], "summary": {"covered_lines": 39, "num_statements": 39, "percent_covered": 100.0, "percent_covered_display": "100", "missing_lines": 0, "excluded_lines": 0}, "missing_lines": [], "excluded_lines": []}}, "classes": {"AgentConfig": {"executed_lines": [], "summary": {"covered_lines": 0, "num_statements": 4, "percent_covered": 0.0, "percent_covered_display": "0", "missing_lines": 4, "excluded_lines": 0}, "missing_lines": [68, 70, 71, 87], "excluded_lines": []}, "": {"executed_lines": [1, 3, 5, 6, 7, 10, 11, 12, 15, 16, 17, 18, 19, 20, 21, 22, 25, 26, 27, 28, 31, 34, 35, 36, 39, 40, 41, 42, 45, 46, 47, 48, 51, 52, 55, 56, 59, 61, 62, 73, 74], "summary": {"covered_lines": 39, "num_statements": 39, "percent_covered": 100.0, "percent_covered_display": "100", "missing_lines": 0, "excluded_lines": 0}, "missing_lines": [], "excluded_lines": []}}}, "src/kira/agent/context_memory.py": {"executed_lines": [1, 7, 9, 10, 11, 13, 16, 17, 18, 20, 21, 22, 23, 24, 25, 27, 29, 34, 35, 36, 38, 40, 42, 43, 45, 55, 56, 68, 78, 79, 80, 82, 95, 96, 102, 104, 114, 115, 116, 118, 130, 131, 133, 148, 149, 152, 153, 154, 158, 173, 174, 176, 188, 189, 191, 208, 209, 211, 226, 227, 229, 230, 232, 233, 234, 235, 237, 239, 252, 253, 259, 269, 272, 273, 274, 275, 278, 279, 282, 284, 292, 293, 295, 308, 309, 311, 312, 315, 330], "summary": {"covered_lines": 86, "num_statements": 89, "percent_covered": 96.62921348314607, "percent_covered_display": "97", "missing_lines": 3, "excluded_lines": 0}, "missing_lines": [37, 39, 156], "excluded_lines": [], "functions": {"EntityFact.to_dict": {"executed_lines": [29, 34, 35, 36, 38, 40], "summary": {"covered_lines": 6, "num_statements": 8, "percent_covered": 75.0, "percent_covered_display": "75", "missing_lines": 2, "excluded_lines": 0}, "missing_lines": [37, 39], "excluded_lines": []}, "EntityFact.from_dict": {"executed_lines": [45], "summary": {"covered_lines": 1, "num_statements": 1, "percent_covered": 100.0, "percent_covered_display": "100", "missing_lines": 0, "excluded_lines": 0}, "missing_lines": [], "excluded_lines": []}, "ContextMemory.__init__": {"executed_lines": [78, 79, 80], "summary": {"covered_lines": 3, "num_statements": 3, "percent_covered": 100.0, "percent_covered_display": "100", "missing_lines": 0, "excluded_lines": 0}, "missing_lines": [], "excluded_lines": []}, "ContextMemory._get_session": {"executed_lines": [95, 96, 102], "summary": {"covered_lines": 3, "num_statements": 3, "percent_covered": 100.0, "percent_covered_display": "100", "missing_lines": 0, "excluded_lines": 0}, "missing_lines": [], "excluded_lines": []}, "ContextMemory.add_entity_fact": {"executed_lines": [114, 115, 116], "summary": {"covered_lines": 3, "num_statements": 3, "percent_covered": 100.0, "percent_covered_display": "100", "missing_lines": 0, "excluded_lines": 0}, "missing_lines": [], "excluded_lines": []}, "ContextMemory.add_message": {"executed_lines": [130, 131], "summary": {"covered_lines": 2, "num_statements": 2, "percent_covered": 100.0, "percent_covered_display": "100", "missing_lines": 0, "excluded_lines": 0}, "missing_lines": [], "excluded_lines": []}, "ContextMemory.get_last_entity": {"executed_lines": [148, 149, 152, 153, 154], "summary": {"covered_lines": 5, "num_statements": 6, "percent_covered": 83.33333333333333, "percent_covered_display": "83", "missing_lines": 1, "excluded_lines": 0}, "missing_lines": [156], "excluded_lines": []}, "ContextMemory.get_entity_by_uid": {"executed_lines": [173, 174], "summary": {"covered_lines": 2, "num_statements": 2, "percent_covered": 100.0, "percent_covered_display": "100", "missing_lines": 0, "excluded_lines": 0}, "missing_lines": [], "excluded_lines": []}, "ContextMemory.set_context": {"executed_lines": [188, 189], "summary": {"covered_lines": 2, "num_statements": 2, "percent_covered": 100.0, "percent_covered_display": "100", "missing_lines": 0, "excluded_lines": 0}, "missing_lines": [], "excluded_lines": []}, "ContextMemory.get_context": {"executed_lines": [208, 209], "summary": {"covered_lines": 2, "num_statements": 2, "percent_covered": 100.0, "percent_covered_display": "100", "missing_lines": 0, "excluded_lines": 0}, "missing_lines": [], "excluded_lines": []}, "ContextMemory.get_facts_summary": {"executed_lines": [226, 227, 229, 230, 232, 233, 234, 235, 237], "summary": {"covered_lines": 9, "num_statements": 9, "percent_covered": 100.0, "percent_covered_display": "100", "missing_lines": 0, "excluded_lines": 0}, "missing_lines": [], "excluded_lines": []}, "ContextMemory.to_dict": {"executed_lines": [252, 253], "summary": {"covered_lines": 2, "num_statements": 2, "percent_covered": 100.0, "percent_covered_display": "100", "missing_lines": 0, "excluded_lines": 0}, "missing_lines": [], "excluded_lines": []}, "ContextMemory.from_dict": {"executed_lines": [269, 272, 273, 274, 275, 278, 279, 282], "summary": {"covered_lines": 8, "num_statements": 8, "percent_covered": 100.0, "percent_covered_display": "100", "missing_lines": 0, "excluded_lines": 0}, "missing_lines": [], "excluded_lines": []}, "ContextMemory.clear_session": {"executed_lines": [292, 293], "summary": {"covered_lines": 2, "num_statements": 2, "percent_covered": 100.0, "percent_covered_display": "100", "missing_lines": 0, "excluded_lines": 0}, "missing_lines": [], "excluded_lines": []}, "ContextMemory.has_context": {"executed_lines": [308, 309, 311, 312], "summary": {"covered_lines": 4, "num_statements": 4, "percent_covered": 100.0, "percent_covered_display": "100", "missing_lines": 0, "excluded_lines": 0}, "missing_lines": [], "excluded_lines": []}, "create_context_memory": {"executed_lines": [330], "summary": {"covered_lines": 1, "num_statements": 1, "percent_covered": 100.0, "percent_covered_display": "100", "missing_lines": 0, "excluded_lines": 0}, "missing_lines": [], "excluded_lines": []}, "": {"executed_lines": [1, 7, 9, 10, 11, 13, 16, 17, 18, 20, 21, 22, 23, 24, 25, 27, 42, 43, 55, 56, 68, 82, 104, 118, 133, 158, 176, 191, 211, 239, 259, 284, 295, 315], "summary": {"covered_lines": 31, "num_statements": 31, "percent_covered": 100.0, "percent_covered_display": "100", "missing_lines": 0, "excluded_lines": 0}, "missing_lines": [], "excluded_lines": []}}, "classes": {"EntityFact": {"executed_lines": [29, 34, 35, 36, 38, 40, 45], "summary": {"covered_lines": 7, "num_statements": 9, "percent_covered": 77.77777777777777, "percent_covered_display": "78", "missing_lines": 2, "excluded_lines": 0}, "missing_lines": [37, 39], "excluded_lines": []}, "ContextMemory": {"executed_lines": [78, 79, 80, 95, 96, 102, 114, 115, 116, 130, 131, 148, 149, 152, 153, 154, 173, 174, 188, 189, 208, 209, 226, 227, 229, 230, 232, 233, 234, 235, 237, 252, 253, 269, 272, 273, 274, 275, 278, 279, 282, 292, 293, 308, 309, 311, 312], "summary": {"covered_lines": 47, "num_statements": 48, "percent_covered": 97.91666666666667, "percent_covered_display": "98", "missing_lines": 1, "excluded_lines": 0}, "missing_lines": [156], "excluded_lines": []}, "": {"executed_lines": [1, 7, 9, 10, 11, 13, 16, 17, 18, 20, 21, 22, 23, 24, 25, 27, 42, 43, 55, 56, 68, 82, 104, 118, 133, 158, 176, 191, 211, 239, 259, 284, 295, 315, 330], "summary": {"covered_lines": 32, "num_statements": 32, "percent_covered": 100.0, "percent_covered_display": "100", "missing_lines": 0, "excluded_lines": 0}, "missing_lines": [], "excluded_lines": []}}}, "src/kira/agent/executor.py": {"executed_lines": [1, 3, 5, 6, 7, 8, 9, 10, 12, 13, 14, 15, 16, 17, 19, 21, 29, 30, 31, 33, 34, 35, 38, 39, 40, 42, 43, 44, 47, 48, 49, 51, 52, 53, 54, 55, 56, 58, 60, 67, 69, 72, 73, 75, 99, 100, 101, 102, 103, 105, 123, 124, 125, 126, 127, 128, 129, 131, 132, 133, 134, 135, 143, 144, 150, 165, 166, 167, 170, 171, 176, 177, 181, 186, 189, 194, 196, 197, 203, 205, 207, 224, 227, 228, 229, 230, 231, 232, 236, 239, 241, 242, 243, 250, 252, 267, 268, 271, 272, 273, 274, 275, 276, 278, 279, 280, 281, 285, 286, 287, 288, 289, 290, 291, 292, 297, 312, 313, 315, 316, 318, 319, 320, 322, 323, 325, 327, 328, 329, 332, 334, 340, 356, 358, 359, 360, 361, 362, 363, 364, 365, 366, 367, 369, 370, 372, 375, 388, 394, 395, 400, 407, 408, 409, 411, 412, 414, 416, 418, 435, 436, 439, 441, 443, 444, 447, 448, 451, 453, 454, 455, 456, 462, 463], "summary": {"covered_lines": 169, "num_statements": 185, "percent_covered": 91.35135135135135, "percent_covered_display": "91", "missing_lines": 16, "excluded_lines": 0}, "missing_lines": [68, 172, 173, 174, 178, 179, 190, 191, 192, 244, 248, 293, 294, 295, 330, 415], "excluded_lines": [], "functions": {"ExecutionResult.to_dict": {"executed_lines": [60, 67, 69], "summary": {"covered_lines": 3, "num_statements": 4, "percent_covered": 75.0, "percent_covered_display": "75", "missing_lines": 1, "excluded_lines": 0}, "missing_lines": [68], "excluded_lines": []}, "AgentExecutor.__init__": {"executed_lines": [99, 100, 101, 102, 103], "summary": {"covered_lines": 5, "num_statements": 5, "percent_covered": 100.0, "percent_covered_display": "100", "missing_lines": 0, "excluded_lines": 0}, "missing_lines": [], "excluded_lines": []}, "AgentExecutor._parse_plan": {"executed_lines": [123, 124, 125, 126, 127, 128, 129, 131, 132, 133, 134, 135, 143, 144], "summary": {"covered_lines": 14, "num_statements": 14, "percent_covered": 100.0, "percent_covered_display": "100", "missing_lines": 0, "excluded_lines": 0}, "missing_lines": [], "excluded_lines": []}, "AgentExecutor.plan": {"executed_lines": [165, 166, 167, 170, 171, 176, 177, 181, 186, 189, 194, 196, 197, 203, 205], "summary": {"covered_lines": 15, "num_statements": 23, "percent_covered": 65.21739130434783, "percent_covered_display": "65", "missing_lines": 8, "excluded_lines": 0}, "missing_lines": [172, 173, 174, 178, 179, 190, 191, 192], "excluded_lines": []}, "AgentExecutor._find_similar_tool": {"executed_lines": [224, 227, 228, 229, 230, 231, 232, 236, 239, 241, 242, 243, 250], "summary": {"covered_lines": 13, "num_statements": 15, "percent_covered": 86.66666666666667, "percent_covered_display": "87", "missing_lines": 2, "excluded_lines": 0}, "missing_lines": [244, 248], "excluded_lines": []}, "AgentExecutor.execute_step": {"executed_lines": [267, 268, 271, 272, 273, 274, 275, 276, 278, 279, 280, 281, 285, 286, 287, 288, 289, 290, 291, 292], "summary": {"covered_lines": 20, "num_statements": 23, "percent_covered": 86.95652173913044, "percent_covered_display": "87", "missing_lines": 3, "excluded_lines": 0}, "missing_lines": [293, 294, 295], "excluded_lines": []}, "AgentExecutor.execute_plan": {"executed_lines": [312, 313, 315, 316, 318, 319, 320, 322, 323, 325, 327, 328, 329, 332, 334], "summary": {"covered_lines": 15, "num_statements": 16, "percent_covered": 93.75, "percent_covered_display": "94", "missing_lines": 1, "excluded_lines": 0}, "missing_lines": [330], "excluded_lines": []}, "AgentExecutor._generate_nl_response": {"executed_lines": [356, 358, 359, 360, 361, 362, 363, 364, 365, 366, 367, 369, 370, 372, 375, 388, 394, 395, 400, 407, 408, 409, 411, 412, 414, 416], "summary": {"covered_lines": 26, "num_statements": 27, "percent_covered": 96.29629629629629, "percent_covered_display": "96", "missing_lines": 1, "excluded_lines": 0}, "missing_lines": [415], "excluded_lines": []}, "AgentExecutor.chat_and_execute": {"executed_lines": [435, 436, 439, 441, 443, 444, 447, 448, 451, 453, 454, 455, 456, 462, 463], "summary": {"covered_lines": 15, "num_statements": 15, "percent_covered": 100.0, "percent_covered_display": "100", "missing_lines": 0, "excluded_lines": 0}, "missing_lines": [], "excluded_lines": []}, "": {"executed_lines": [1, 3, 5, 6, 7, 8, 9, 10, 12, 13, 14, 15, 16, 17, 19, 21, 29, 30, 31, 33, 34, 35, 38, 39, 40, 42, 43, 44, 47, 48, 49, 51, 52, 53, 54, 55, 56, 58, 72, 73, 75, 105, 150, 207, 252, 297, 340, 418], "summary": {"covered_lines": 43, "num_statements": 43, "percent_covered": 100.0, "percent_covered_display": "100", "missing_lines": 0, "excluded_lines": 0}, "missing_lines": [], "excluded_lines": []}}, "classes": {"ExecutionStep": {"executed_lines": [], "summary": {"covered_lines": 0, "num_statements": 0, "percent_covered": 100.0, "percent_covered_display": "100", "missing_lines": 0, "excluded_lines": 0}, "missing_lines": [], "excluded_lines": []}, "ExecutionPlan": {"executed_lines": [], "summary": {"covered_lines": 0, "num_statements": 0, "percent_covered": 100.0, "percent_covered_display": "100", "missing_lines": 0, "excluded_lines": 0}, "missing_lines": [], "excluded_lines": []}, "ExecutionResult": {"executed_lines": [60, 67, 69], "summary": {"covered_lines": 3, "num_statements": 4, "percent_covered": 75.0, "percent_covered_display": "75", "missing_lines": 1, "excluded_lines": 0}, "missing_lines": [68], "excluded_lines": []}, "AgentExecutor": {"executed_lines": [99, 100, 101, 102, 103, 123, 124, 125, 126, 127, 128, 129, 131, 132, 133, 134, 135, 143, 144, 165, 166, 167, 170, 171, 176, 177, 181, 186, 189, 194, 196, 197, 203, 205, 224, 227, 228, 229, 230, 231, 232, 236, 239, 241, 242, 243, 250, 267, 268, 271, 272, 273, 274, 275, 276, 278, 279, 280, 281, 285, 286, 287, 288, 289, 290, 291, 292, 312, 313, 315, 316, 318, 319, 320, 322, 323, 325, 327, 328, 329, 332, 334, 356, 358, 359, 360, 361, 362, 363, 364, 365, 366, 367, 369, 370, 372, 375, 388, 394, 395, 400, 407, 408, 409, 411, 412, 414, 416, 435, 436, 439, 441, 443, 444, 447, 448, 451, 453, 454, 455, 456, 462, 463], "summary": {"covered_lines": 123, "num_statements": 138, "percent_covered": 89.1304347826087, "percent_covered_display": "89", "missing_lines": 15, "excluded_lines": 0}, "missing_lines": [172, 173, 174, 178, 179, 190, 191, 192, 244, 248, 293, 294, 295, 330, 415], "excluded_lines": []}, "": {"executed_lines": [1, 3, 5, 6, 7, 8, 9, 10, 12, 13, 14, 15, 16, 17, 19, 21, 29, 30, 31, 33, 34, 35, 38, 39, 40, 42, 43, 44, 47, 48, 49, 51, 52, 53, 54, 55, 56, 58, 72, 73, 75, 105, 150, 207, 252, 297, 340, 418], "summary": {"covered_lines": 43, "num_statements": 43, "percent_covered": 100.0, "percent_covered_display": "100", "missing_lines": 0, "excluded_lines": 0}, "missing_lines": [], "excluded_lines": []}}}, "src/kira/agent/graph.py": {"executed_lines": [1, 6, 8, 9, 11, 16, 18, 21, 42, 43, 49, 50, 53, 56, 57, 59, 60, 62, 63, 65, 66, 68, 69, 71, 72, 73, 74, 75, 78, 81, 83, 84, 85, 86, 87, 89, 91, 93, 95, 97, 98, 99, 100, 101, 103, 104, 106, 107, 108, 110, 112, 114, 117, 119, 121, 123, 124, 127, 138, 148, 161, 171, 180, 182, 183, 186, 187, 189, 197, 199, 212, 214, 215, 218, 221, 222, 230, 231, 238, 251, 253, 254, 257, 258, 259, 260, 261, 263, 271, 273, 274], "summary": {"covered_lines": 88, "num_statements": 109, "percent_covered": 80.73394495412845, "percent_covered_display": "81", "missing_lines": 21, "excluded_lines": 4}, "missing_lines": [44, 45, 92, 102, 113, 115, 118, 223, 224, 227, 228, 232, 233, 234, 235, 236, 255, 256, 275, 276, 277], "excluded_lines": [11, 12, 13, 14], "functions": {"build_agent_graph": {"executed_lines": [42, 43, 49, 50, 53, 56, 59, 62, 65, 68, 71, 72, 73, 74, 75, 78, 81, 89, 95, 110, 121, 127, 138, 148, 161, 171, 180, 182, 183], "summary": {"covered_lines": 29, "num_statements": 31, "percent_covered": 93.54838709677419, "percent_covered_display": "94", "missing_lines": 2, "excluded_lines": 0}, "missing_lines": [44, 45], "excluded_lines": []}, "build_agent_graph._plan_node": {"executed_lines": [57], "summary": {"covered_lines": 1, "num_statements": 1, "percent_covered": 100.0, "percent_covered_display": "100", "missing_lines": 0, "excluded_lines": 0}, "missing_lines": [], "excluded_lines": []}, "build_agent_graph._reflect_node": {"executed_lines": [60], "summary": {"covered_lines": 1, "num_statements": 1, "percent_covered": 100.0, "percent_covered_display": "100", "missing_lines": 0, "excluded_lines": 0}, "missing_lines": [], "excluded_lines": []}, "build_agent_graph._tool_node": {"executed_lines": [63], "summary": {"covered_lines": 1, "num_statements": 1, "percent_covered": 100.0, "percent_covered_display": "100", "missing_lines": 0, "excluded_lines": 0}, "missing_lines": [], "excluded_lines": []}, "build_agent_graph._verify_node": {"executed_lines": [66], "summary": {"covered_lines"
[...]
94, 95, 97], "summary": {"covered_lines": 7, "num_statements": 7, "percent_covered": 100.0, "percent_covered_display": "100", "missing_lines": 0, "excluded_lines": 0}, "missing_lines": [], "excluded_lines": []}, "compute_week_boundaries_utc": {"executed_lines": [134, 137, 138, 141, 142, 145, 146, 148], "summary": {"covered_lines": 8, "num_statements": 8, "percent_covered": 100.0, "percent_covered_display": "100", "missing_lines": 0, "excluded_lines": 0}, "missing_lines": [], "excluded_lines": []}, "compute_month_boundaries_utc": {"executed_lines": [174, 177, 180, 183, 185, 188, 189, 191], "summary": {"covered_lines": 8, "num_statements": 9, "percent_covered": 88.88888888888889, "percent_covered_display": "89", "missing_lines": 1, "excluded_lines": 0}, "missing_lines": [181], "excluded_lines": []}, "compute_boundaries_utc": {"executed_lines": [223, 224, 225, 226, 227, 228, 229], "summary": {"covered_lines": 7, "num_statements": 7, "percent_covered": 100.0, "percent_covered_display": "100", "missing_lines": 0, "excluded_lines": 0}, "missing_lines": [], "excluded_lines": []}, "": {"executed_lines": [1, 7, 9, 10, 12, 14, 16, 24, 27, 46, 103, 154, 197], "summary": {"covered_lines": 12, "num_statements": 12, "percent_covered": 100.0, "percent_covered_display": "100", "missing_lines": 0, "excluded_lines": 0}, "missing_lines": [], "excluded_lines": []}}, "classes": {"": {"executed_lines": [1, 7, 9, 10, 12, 14, 16, 24, 27, 42, 43, 46, 84, 87, 90, 91, 94, 95, 97, 103, 134, 137, 138, 141, 142, 145, 146, 148, 154, 174, 177, 180, 183, 185, 188, 189, 191, 197, 223, 224, 225, 226, 227, 228, 229], "summary": {"covered_lines": 44, "num_statements": 45, "percent_covered": 97.77777777777777, "percent_covered_display": "98", "missing_lines": 1, "excluded_lines": 0}, "missing_lines": [181], "excluded_lines": []}}}, "src/kira/storage/__init__.py": {"executed_lines": [1, 3, 5], "summary": {"covered_lines": 2, "num_statements": 2, "percent_covered": 100.0, "percent_covered_display": "100", "missing_lines": 0, "excluded_lines": 0}, "missing_lines": [], "excluded_lines": [], "functions": {"": {"executed_lines": [1, 3, 5], "summary": {"covered_lines": 2, "num_statements": 2, "percent_covered": 100.0, "percent_covered_display": "100", "missing_lines": 0, "excluded_lines": 0}, "missing_lines": [], "excluded_lines": []}}, "classes": {"": {"executed_lines": [1, 3, 5], "summary": {"covered_lines": 2, "num_statements": 2, "percent_covered": 100.0, "percent_covered_display": "100", "missing_lines": 0, "excluded_lines": 0}, "missing_lines": [], "excluded_lines": []}}}, "src/kira/storage/vault.py": {"executed_lines": [1, 26, 28, 29, 30, 31, 32, 33, 35, 37, 44, 45, 46, 48, 49, 50, 53, 54, 69, 77, 78, 81, 84, 86, 106, 108, 140, 141, 143, 146, 149, 151, 166, 167, 169, 189, 191, 216, 218, 219, 222, 229, 230, 232, 233, 236, 239, 240, 241, 243, 248, 261, 262, 264, 266, 268, 271, 272, 274, 286, 287, 288, 289, 290, 292, 295, 296, 300, 301, 304, 307, 309, 311, 312, 313, 314, 315, 317, 318, 319, 322, 324, 326, 328, 329, 330, 331, 335, 338, 339, 341, 343, 345, 347, 351, 354], "summary": {"covered_lines": 91, "num_statements": 103, "percent_covered": 88.3495145631068, "percent_covered_display": "88", "missing_lines": 12, "excluded_lines": 0}, "missing_lines": [245, 246, 332, 333, 369, 370, 372, 374, 375, 376, 378, 380], "excluded_lines": [], "functions": {"Vault.__init__": {"executed_lines": [77, 78, 81, 84], "summary": {"covered_lines": 4, "num_statements": 4, "percent_covered": 100.0, "percent_covered_display": "100", "missing_lines": 0, "excluded_lines": 0}, "missing_lines": [], "excluded_lines": []}, "Vault.get": {"executed_lines": [106], "summary": {"covered_lines": 1, "num_statements": 1, "percent_covered": 100.0, "percent_covered_display": "100", "missing_lines": 0, "excluded_lines": 0}, "missing_lines": [], "excluded_lines": []}, "Vault.upsert": {"executed_lines": [140, 141, 143, 146, 149], "summary": {"covered_lines": 5, "num_statements": 5, "percent_covered": 100.0, "percent_covered_display": "100", "missing_lines": 0, "excluded_lines": 0}, "missing_lines": [], "excluded_lines": []}, "Vault.delete": {"executed_lines": [166, 167], "summary": {"covered_lines": 2, "num_statements": 2, "percent_covered": 100.0, "percent_covered_display": "100", "missing_lines": 0, "excluded_lines": 0}, "missing_lines": [], "excluded_lines": []}, "Vault.list_entities": {"executed_lines": [189], "summary": {"covered_lines": 1, "num_statements": 1, "percent_covered": 100.0, "percent_covered_display": "100", "missing_lines": 0, "excluded_lines": 0}, "missing_lines": [], "excluded_lines": []}, "Vault.atomic_write": {"executed_lines": [216, 218, 219, 222, 229, 230, 232, 233, 236, 239, 240, 241, 243], "summary": {"covered_lines": 13, "num_statements": 15, "percent_covered": 86.66666666666667, "percent_covered_display": "87", "missing_lines": 2, "excluded_lines": 0}, "missing_lines": [245, 246], "excluded_lines": []}, "Vault._acquire_entity_lock": {"executed_lines": [261, 262, 264], "summary": {"covered_lines": 3, "num_statements": 3, "percent_covered": 100.0, "percent_covered_display": "100", "missing_lines": 0, "excluded_lines": 0}, "missing_lines": [], "excluded_lines": []}, "Vault._no_lock": {"executed_lines": [268], "summary": {"covered_lines": 1, "num_statements": 1, "percent_covered": 100.0, "percent_covered_display": "100", "missing_lines": 0, "excluded_lines": 0}, "missing_lines": [], "excluded_lines": []}, "EntityLock.__init__": {"executed_lines": [286, 287, 288, 289, 290], "summary": {"covered_lines": 5, "num_statements": 5, "percent_covered": 100.0, "percent_covered_display": "100", "missing_lines": 0, "excluded_lines": 0}, "missing_lines": [], "excluded_lines": []}, "EntityLock.__enter__": {"executed_lines": [295, 296, 300, 301, 304, 307, 309, 311, 312, 313, 314, 315, 317, 318, 319, 322, 324], "summary": {"covered_lines": 17, "num_statements": 17, "percent_covered": 100.0, "percent_covered_display": "100", "missing_lines": 0, "excluded_lines": 0}, "missing_lines": [], "excluded_lines": []}, "EntityLock.__exit__": {"executed_lines": [328, 329, 330, 331, 335], "summary": {"covered_lines": 5, "num_statements": 7, "percent_covered": 71.42857142857143, "percent_covered_display": "71", "missing_lines": 2, "excluded_lines": 0}, "missing_lines": [332, 333], "excluded_lines": []}, "NoOpLock.__enter__": {"executed_lines": [343], "summary": {"covered_lines": 1, "num_statements": 1, "percent_covered": 100.0, "percent_covered_display": "100", "missing_lines": 0, "excluded_lines": 0}, "missing_lines": [], "excluded_lines": []}, "NoOpLock.__exit__": {"executed_lines": [347], "summary": {"covered_lines": 1, "num_statements": 1, "percent_covered": 100.0, "percent_covered_display": "100", "missing_lines": 0, "excluded_lines": 0}, "missing_lines": [], "excluded_lines": []}, "get_vault": {"executed_lines": [], "summary": {"covered_lines": 0, "num_statements": 8, "percent_covered": 0.0, "percent_covered_display": "0", "missing_lines": 8, "excluded_lines": 0}, "missing_lines": [369, 370, 372, 374, 375, 376, 378, 380], "excluded_lines": []}, "": {"executed_lines": [1, 26, 28, 29, 30, 31, 32, 33, 35, 37, 44, 45, 46, 48, 49, 50, 53, 54, 69, 86, 108, 151, 169, 191, 248, 266, 271, 272, 274, 292, 326, 338, 339, 341, 345, 351, 354], "summary": {"covered_lines": 32, "num_statements": 32, "percent_covered": 100.0, "percent_covered_display": "100", "missing_lines": 0, "excluded_lines": 0}, "missing_lines": [], "excluded_lines": []}}, "classes": {"VaultConfig": {"executed_lines": [], "summary": {"covered_lines": 0, "num_statements": 0, "percent_covered": 100.0, "percent_covered_display": "100", "missing_lines": 0, "excluded_lines": 0}, "missing_lines": [], "excluded_lines": []}, "Vault": {"executed_lines": [77, 78, 81, 84, 106, 140, 141, 143, 146, 149, 166, 167, 189, 216, 218, 219, 222, 229, 230, 232, 233, 236, 239, 240, 241, 243, 261, 262, 264, 268], "summary": {"covered_lines": 30, "num_statements": 32, "percent_covered": 93.75, "percent_covered_display": "94", "missing_lines": 2, "excluded_lines": 0}, "missing_lines": [245, 246], "excluded_lines": []}, "EntityLock": {"executed_lines": [286, 287, 288, 289, 290, 295, 296, 300, 301, 304, 307, 309, 311, 312, 313, 314, 315, 317, 318, 319, 322, 324, 328, 329, 330, 331, 335], "summary": {"covered_lines": 27, "num_statements": 29, "percent_covered": 93.10344827586206, "percent_covered_display": "93", "missing_lines": 2, "excluded_lines": 0}, "missing_lines": [332, 333], "excluded_lines": []}, "NoOpLock": {"executed_lines": [343, 347], "summary": {"covered_lines": 2, "num_statements": 2, "percent_covered": 100.0, "percent_covered_display": "100", "missing_lines": 0, "excluded_lines": 0}, "missing_lines": [], "excluded_lines": []}, "": {"executed_lines": [1, 26, 28, 29, 30, 31, 32, 33, 35, 37, 44, 45, 46, 48, 49, 50, 53, 54, 69, 86, 108, 151, 169, 191, 248, 266, 271, 272, 274, 292, 326, 338, 339, 341, 345, 351, 354], "summary": {"covered_lines": 32, "num_statements": 40, "percent_covered": 80.0, "percent_covered_display": "80", "missing_lines": 8, "excluded_lines": 0}, "missing_lines": [369, 370, 372, 374, 375, 376, 378, 380], "excluded_lines": []}}}, "src/kira/sync/__init__.py": {"executed_lines": [1], "summary": {"covered_lines": 0, "num_statements": 0, "percent_covered": 100.0, "percent_covered_display": "100", "missing_lines": 0, "excluded_lines": 0}, "missing_lines": [], "excluded_lines": [], "functions": {"": {"executed_lines": [1], "summary": {"covered_lines": 0, "num_statements": 0, "percent_covered": 100.0, "percent_covered_display": "100", "missing_lines": 0, "excluded_lines": 0}, "missing_lines": [], "excluded_lines": []}}, "classes": {"": {"executed_lines": [1], "summary": {"covered_lines": 0, "num_statements": 0, "percent_covered": 100.0, "percent_covered_display": "100", "missing_lines": 0, "excluded_lines": 0}, "missing_lines": [], "excluded_lines": []}}}, "src/kira/sync/contract.py": {"executed_lines": [1, 18, 20, 21, 23, 25, 34, 37, 38, 39, 55, 56, 57, 58, 59, 61, 69, 74, 75, 77, 78, 80, 81, 83, 85, 86, 99, 108, 121, 122, 123, 126, 129, 132, 160, 162, 164, 167, 170, 171, 174, 183, 184, 186, 189, 210, 213, 240, 248, 261, 262, 265, 280, 281, 284, 297, 298], "summary": {"covered_lines": 55, "num_statements": 56, "percent_covered": 98.21428571428571, "percent_covered_display": "98", "missing_lines": 1, "excluded_lines": 0}, "missing_lines": [127], "excluded_lines": [], "functions": {"SyncContract.to_dict": {"executed_lines": [69, 74, 75, 77, 78, 80, 81, 83], "summary": {"covered_lines": 8, "num_statements": 8, "percent_covered": 100.0, "percent_covered_display": "100", "missing_lines": 0, "excluded_lines": 0}, "missing_lines": [], "excluded_lines": []}, "SyncContract.from_dict": {"executed_lines": [99], "summary": {"covered_lines": 1, "num_statements": 1, "percent_covered": 100.0, "percent_covered_display": "100", "missing_lines": 0, "excluded_lines": 0}, "missing_lines": [], "excluded_lines": []}, "get_sync_contract": {"executed_lines": [121, 122, 123, 126, 129], "summary": {"covered_lines": 5, "num_statements": 6, "percent_covered": 83.33333333333333, "percent_covered_display": "83", "missing_lines": 1, "excluded_lines": 0}, "missing_lines": [127], "excluded_lines": []}, "update_sync_contract": {"executed_lines": [160, 162, 164, 167, 170, 171, 174, 183, 184, 186], "summary": {"covered_lines": 10, "num_statements": 10, "percent_covered": 100.0, "percent_covered_display": "100", "missing_lines": 0, "excluded_lines": 0}, "missing_lines": [], "excluded_lines": []}, "create_kira_sync_contract": {"executed_lines": [210], "summary": {"covered_lines": 1, "num_statements": 1, "percent_covered": 100.0, "percent_covered_display": "100", "missing_lines": 0, "excluded_lines": 0}, "missing_lines": [], "excluded_lines": []}, "create_remote_sync_contract": {"executed_lines": [240], "summary": {"covered_lines": 1, "num_statements": 1, "percent_covered": 100.0, "percent_covered_display": "100", "missing_lines": 0, "excluded_lines": 0}, "missing_lines": [], "excluded_lines": []}, "is_kira_origin": {"executed_lines": [261, 262], "summary": {"covered_lines": 2, "num_statements": 2, "percent_covered": 100.0, "percent_covered_display": "100", "missing_lines": 0, "excluded_lines": 0}, "missing_lines": [], "excluded_lines": []}, "is_remote_origin": {"executed_lines": [280, 281], "summary": {"covered_lines": 2, "num_statements": 2, "percent_covered": 100.0, "percent_covered_display": "100", "missing_lines": 0, "excluded_lines": 0}, "missing_lines": [], "excluded_lines": []}, "get_sync_version": {"executed_lines": [297, 298], "summary": {"covered_lines": 2, "num_statements": 2, "percent_covered": 100.0, "percent_covered_display": "100", "missing_lines": 0, "excluded_lines": 0}, "missing_lines": [], "excluded_lines": []}, "": {"executed_lines": [1, 18, 20, 21, 23, 25, 34, 37, 38, 39, 55, 56, 57, 58, 59, 61, 85, 86, 108, 132, 189, 213, 248, 265, 284], "summary": {"covered_lines": 23, "num_statements": 23, "percent_covered": 100.0, "percent_covered_display": "100", "missing_lines": 0, "excluded_lines": 0}, "missing_lines": [], "excluded_lines": []}}, "classes": {"SyncContract": {"executed_lines": [69, 74, 75, 77, 78, 80, 81, 83, 99], "summary": {"covered_lines": 9, "num_statements": 9, "percent_covered": 100.0, "percent_covered_display": "100", "missing_lines": 0, "excluded_lines": 0}, "missing_lines": [], "excluded_lines": []}, "": {"executed_lines": [1, 18, 20, 21, 23, 25, 34, 37, 38, 39, 55, 56, 57, 58, 59, 61, 85, 86, 108, 121, 122, 123, 126, 129, 132, 160, 162, 164, 167, 170, 171, 174, 183, 184, 186, 189, 210, 213, 240, 248, 261, 262, 265, 280, 281, 284, 297, 298], "summary": {"covered_lines": 46, "num_statements": 47, "percent_covered": 97.87234042553192, "percent_covered_display": "98", "missing_lines": 1, "excluded_lines": 0}, "missing_lines": [127], "excluded_lines": []}}}, "src/kira/sync/ledger.py": {"executed_lines": [1, 12, 14, 15, 16, 17, 19, 21, 30, 31, 32, 48, 49, 50, 51, 52, 55, 56, 66, 74, 75, 76, 78, 80, 82, 83, 85, 99, 106, 108, 110, 111, 112, 113, 115, 128, 129, 131, 133, 134, 135, 137, 145, 166, 167, 169, 171, 180, 182, 200, 202, 204, 207, 209, 235, 237, 239, 242, 243, 246, 247, 250, 252, 265, 266, 268, 270, 271, 272, 274, 276, 278, 280, 283, 296, 297, 300, 327, 328, 331, 334, 354, 355, 356, 358, 359, 360, 361, 362], "summary": {"covered_lines": 86, "num_statements": 88, "percent_covered": 97.72727272727273, "percent_covered_display": "98", "missing_lines": 2, "excluded_lines": 0}, "missing_lines": [363, 365], "excluded_lines": [], "functions": {"SyncLedger.__init__": {"executed_lines": [74, 75, 76], "summary": {"covered_lines": 3, "num_statements": 3, "percent_covered": 100.0, "percent_covered_display": "100", "missing_lines": 0, "excluded_lines": 0}, "missing_lines": [], "excluded_lines": []}, "SyncLedger._init_database": {"executed_lines": [80, 82, 83, 85, 99, 106], "summary": {"covered_lines": 6, "num_statements": 6, "percent_covered": 100.0, "percent_covered_display": "100", "missing_lines": 0, "excluded_lines": 0}, "missing_lines": [], "excluded_lines": []}, "SyncLedger._get_connection": {"executed_lines": [110, 111, 112, 113], "summary": {"covered_lines": 4, "num_statements": 4, "percent_covered": 100.0, "percent_covered_display": "100", "missing_lines": 0, "excluded_lines": 0}, "missing_lines": [], "excluded_lines": []}, "SyncLedger.get_entry": {"executed_lines": [128, 129, 131, 133, 134, 135, 137], "summary": {"covered_lines": 7, "num_statements": 7, "percent_covered": 100.0, "percent_covered_display": "100", "missing_lines": 0, "excluded_lines": 0}, "missing_lines": [], "excluded_lines": []}, "SyncLedger.record_sync": {"executed_lines": [166, 167, 169, 171, 180], "summary": {"covered_lines": 5, "num_statements": 5, "percent_covered": 100.0, "percent_covered_display": "100", "missing_lines": 0, "excluded_lines": 0}, "missing_lines": [], "excluded_lines": []}, "SyncLedger.is_echo": {"executed_lines": [200, 202, 204, 207], "summary": {"covered_lines": 4, "num_statements": 4, "percent_covered": 100.0, "percent_covered_display": "100", "missing_lines": 0, "excluded_lines": 0}, "missing_lines": [], "excluded_lines": []}, "SyncLedger.should_import": {"executed_lines": [235, 237, 239, 242, 243, 246, 247, 250], "summary": {"covered_lines": 8, "num_statements": 8, "percent_covered": 100.0, "percent_covered_display": "100", "missing_lines": 0, "excluded_lines": 0}, "missing_lines": [], "excluded_lines": []}, "SyncLedger.get_entity_id": {"executed_lines": [265, 266], "summary": {"covered_lines": 2, "num_statements": 2, "percent_covered": 100.0, "percent_covered_display": "100", "missing_lines": 0, "excluded_lines": 0}, "missing_lines": [], "excluded_lines": []}, "SyncLedger.close": {"executed_lines": [270, 271, 272], "summary": {"covered_lines": 3, "num_statements": 3, "percent_covered": 100.0, "percent_covered_display": "100", "missing_lines": 0, "excluded_lines": 0}, "missing_lines": [], "excluded_lines": []}, "SyncLedger.__enter__": {"executed_lines": [276], "summary": {"covered_lines": 1, "num_statements": 1, "percent_covered": 100.0, "percent_covered_display": "100", "missing_lines": 0, "excluded_lines": 0}, "missing_lines": [], "excluded_lines": []}, "SyncLedger.__exit__": {"executed_lines": [280], "summary": {"covered_lines": 1, "num_statements": 1, "percent_covered": 100.0, "percent_covered_display": "100", "missing_lines": 0, "excluded_lines": 0}, "missing_lines": [], "excluded_lines": []}, "create_sync_ledger": {"executed_lines": [296, 297], "summary": {"covered_lines": 2, "num_statements": 2, "percent_covered": 100.0, "percent_covered_display": "100", "missing_lines": 0, "excluded_lines": 0}, "missing_lines": [], "excluded_lines": []}, "should_import_remote_update": {"executed_lines": [327, 328, 331], "summary": {"covered_lines": 3, "num_statements": 3, "percent_covered": 100.0, "percent_covered_display": "100", "missing_lines": 0, "excluded_lines": 0}, "missing_lines": [], "excluded_lines": []}, "resolve_conflict": {"executed_lines": [354, 355, 356, 358, 359, 360, 361, 362], "summary": {"covered_lines": 8, "num_statements": 10, "percent_covered": 80.0, "percent_covered_display": "80", "missing_lines": 2, "excluded_lines": 0}, "missing_lines": [363, 365], "excluded_lines": []}, "": {"executed_lines": [1, 12, 14, 15, 16, 17, 19, 21, 30, 31, 32, 48, 49, 50, 51, 52, 55, 56, 66, 78, 108, 115, 145, 182, 209, 252, 268, 274, 278, 283, 300, 334], "summary": {"covered_lines": 29, "num_statements": 29, "percent_covered": 100.0, "percent_covered_display": "100", "missing_lines": 0, "excluded_lines": 0}, "missing_lines": [], "excluded_lines": []}}, "classes": {"SyncLedgerEntry": {"executed_lines": [], "summary": {"covered_lines": 0, "num_statements": 0, "percent_covered": 100.0, "percent_covered_display": "100", "missing_lines": 0, "excluded_lines": 0}, "missing_lines": [], "excluded_lines": []}, "SyncLedger": {"executed_lines": [74, 75, 76, 80, 82, 83, 85, 99, 106, 110, 111, 112, 113, 128, 129, 131, 133, 134, 135, 137, 166, 167, 169, 171, 180, 200, 202, 204, 207, 235, 237, 239, 242, 243, 246, 247, 250, 265, 266, 270, 271, 272, 276, 280], "summary": {"covered_lines": 44, "num_statements": 44, "percent_covered": 100.0, "percent_covered_display": "100", "missing_lines": 0, "excluded_lines": 0}, "missing_lines": [], "excluded_lines": []}, "": {"executed_lines": [1, 12, 14, 15, 16, 17, 19, 21, 30, 31, 32, 48, 49, 50, 51, 52, 55, 56, 66, 78, 108, 115, 145, 182, 209, 252, 268, 274, 278, 283, 296, 297, 300, 327, 328, 331, 334, 354, 355, 356, 358, 359, 360, 361, 362], "summary": {"covered_lines": 42, "num_statements": 44, "percent_covered": 95.45454545454545, "percent_covered_display": "95", "missing_lines": 2, "excluded_lines": 0}, "missing_lines": [363, 365], "excluded_lines": []}}}}, "totals": {"covered_lines": 8002, "num_statements": 14322, "percent_covered": 55.87208490434297, "percent_covered_display": "56", "missing_lines": 6320, "excluded_lines": 331}}